"../../../Engine/Plugins/FX/NiagaraFluids/Content/NDC_Grid3D_Gas.uasset" 0
"../../../Engine/Plugins/FX/NiagaraFluids/Content/NDC_Grid3D_Gas.uexp" 1
"../../../Engine/Plugins/Animation/ACLPlugin/Content/ACLAnimCurveCompressionSettings.uasset" 2
"../../../Engine/Plugins/Animation/ACLPlugin/Content/ACLAnimCurveCompressionSettings.uexp" 3
"../../../Engine/Plugins/Animation/ACLPlugin/Content/ACLAnimBoneCompressionSettings.uasset" 4
"../../../Engine/Plugins/Animation/ACLPlugin/Content/ACLAnimBoneCompressionSettings.uexp" 5
"../../../Engine/Plugins/2D/Paper2D/Content/PlaceholderTextures/DummySpriteTexture.ubulk" 6
"../../../Engine/Plugins/2D/Paper2D/Content/PlaceholderTextures/DummySpriteTexture.uasset" 7
"../../../Engine/Plugins/2D/Paper2D/Content/PlaceholderTextures/DummySpriteTexture.uexp" 8
"../../../Engine/Plugins/2D/Paper2D/Content/DummySprite.uasset" 9
"../../../Engine/Plugins/2D/Paper2D/Content/DummySprite.uexp" 10
"../../../Engine/Plugins/2D/Paper2D/Content/DefaultPaperTerrainMaterial.uasset" 11
"../../../Engine/Plugins/2D/Paper2D/Content/DefaultPaperTerrainMaterial.uexp" 12
"../../../Engine/Plugins/Animation/ControlRig/Content/Controls/DefaultGizmoLibraryNormalized.uasset" 13
"../../../Engine/Plugins/Animation/ControlRig/Content/Controls/DefaultGizmoLibraryNormalized.uexp" 14
"../../../Engine/Content/EngineMaterials/DefaultPhysicalMaterial.uasset" 15
"../../../Engine/Content/EngineMaterials/DefaultPhysicalMaterial.uexp" 16
"../../../Engine/Content/EngineMaterials/DefaultDestructiblePhysicalMaterial.uasset" 17
"../../../Engine/Content/EngineMaterials/DefaultDestructiblePhysicalMaterial.uexp" 18
"../../../Engine/Content/Animation/DefaultVariableFrameStrippingSettings.uasset" 19
"../../../Engine/Content/Animation/DefaultVariableFrameStrippingSettings.uexp" 20
"../../../Engine/Content/Animation/DefaultRecorderBoneCompression.uasset" 21
"../../../Engine/Content/Animation/DefaultRecorderBoneCompression.uexp" 22
"../../../Engine/Plugins/Interchange/Runtime/Content/Pipelines/DefaultTexturePipeline.uasset" 23
"../../../Engine/Plugins/Interchange/Runtime/Content/Pipelines/DefaultTexturePipeline.uexp" 24
"../../../Engine/Plugins/Interchange/Runtime/Content/Pipelines/DefaultSceneLevelPipeline.uasset" 25
"../../../Engine/Plugins/Interchange/Runtime/Content/Pipelines/DefaultSceneLevelPipeline.uexp" 26
"../../../Engine/Plugins/Interchange/Runtime/Content/Pipelines/DefaultSceneAssetsPipeline.uasset" 27
"../../../Engine/Plugins/Interchange/Runtime/Content/Pipelines/DefaultSceneAssetsPipeline.uexp" 28
"../../../Engine/Plugins/Interchange/Runtime/Content/Pipelines/DefaultMaterialXPipeline.uasset" 29
"../../../Engine/Plugins/Interchange/Runtime/Content/Pipelines/DefaultMaterialXPipeline.uexp" 30
"../../../Engine/Plugins/Interchange/Runtime/Content/Pipelines/DefaultMaterialPipeline.uasset" 31
"../../../Engine/Plugins/Interchange/Runtime/Content/Pipelines/DefaultMaterialPipeline.uexp" 32
"../../../Engine/Plugins/Interchange/Runtime/Content/Pipelines/DefaultGLTFSceneAssetsPipeline.uasset" 33
"../../../Engine/Plugins/Interchange/Runtime/Content/Pipelines/DefaultGLTFSceneAssetsPipeline.uexp" 34
"../../../Engine/Plugins/Interchange/Runtime/Content/Pipelines/DefaultGLTFPipeline.uasset" 35
"../../../Engine/Plugins/Interchange/Runtime/Content/Pipelines/DefaultGLTFPipeline.uexp" 36
"../../../Engine/Plugins/Interchange/Runtime/Content/Pipelines/DefaultGLTFAssetsPipeline.uasset" 37
"../../../Engine/Plugins/Interchange/Runtime/Content/Pipelines/DefaultGLTFAssetsPipeline.uexp" 38
"../../../Engine/Plugins/Interchange/Runtime/Content/Pipelines/DefaultAssetsPipeline.uasset" 39
"../../../Engine/Plugins/Interchange/Runtime/Content/Pipelines/DefaultAssetsPipeline.uexp" 40
"../../../Engine/Content/MobileResources/HUD/VirtualJoystick_Background.uasset" 41
"../../../Engine/Content/MobileResources/HUD/VirtualJoystick_Background.uexp" 42
"../../../Engine/Content/MobileResources/HUD/VirtualJoystick_Thumb.uasset" 43
"../../../Engine/Content/MobileResources/HUD/VirtualJoystick_Thumb.uexp" 44
"../../../Engine/Content/MobileResources/HUD/DefaultVirtualJoysticks.uasset" 45
"../../../Engine/Content/MobileResources/HUD/DefaultVirtualJoysticks.uexp" 46
"../../../Engine/Content/EditorResources/S_Actor.ubulk" 47
"../../../Engine/Content/EditorResources/S_Actor.uasset" 48
"../../../Engine/Content/EditorResources/S_Actor.uexp" 49
"../../../Engine/Content/EngineResources/GradientTexture0.uasset" 50
"../../../Engine/Content/EngineResources/GradientTexture0.uexp" 51
"../../../Engine/Content/EngineResources/DefaultTexture.ubulk" 52
"../../../Engine/Content/EngineResources/DefaultTexture.uasset" 53
"../../../Engine/Content/EngineResources/DefaultTexture.uexp" 54
"../../../Engine/Content/EngineResources/Black.uasset" 55
"../../../Engine/Content/EngineResources/Black.uexp" 56
"../../../Engine/Content/EngineMaterials/PreintegratedSkinBRDF.uasset" 57
"../../../Engine/Content/EngineMaterials/PreintegratedSkinBRDF.uexp" 58
"../../../Engine/Content/EngineMaterials/MiniFont.uasset" 59
"../../../Engine/Content/EngineMaterials/MiniFont.uexp" 60
"../../../Engine/Content/EngineMaterials/FastBlueNoise_vec2_128x128x64.uasset" 61
"../../../Engine/Content/EngineMaterials/FastBlueNoise_vec2_128x128x64.uexp" 62
"../../../Engine/Content/EngineMaterials/FastBlueNoise_scalar_128x128x64.uasset" 63
"../../../Engine/Content/EngineMaterials/FastBlueNoise_scalar_128x128x64.uexp" 64
"../../../Engine/Content/EngineMaterials/DefaultWhiteGrid.ubulk" 65
"../../../Engine/Content/EngineMaterials/DefaultWhiteGrid.uasset" 66
"../../../Engine/Content/EngineMaterials/DefaultWhiteGrid.uexp" 67
"../../../Engine/Content/EngineMaterials/DefaultBokeh.uasset" 68
"../../../Engine/Content/EngineMaterials/DefaultBokeh.uexp" 69
"../../../Engine/Content/EngineMaterials/DefaultBloomKernel.uasset" 70
"../../../Engine/Content/EngineMaterials/DefaultBloomKernel.uexp" 71
"../../../Engine/Content/EngineDamageTypes/DmgTypeBP_Environmental.uasset" 72
"../../../Engine/Content/EngineDamageTypes/DmgTypeBP_Environmental.uexp" 73
"../../../Engine/Content/EditorResources/S_TriggerSphere.uasset" 74
"../../../Engine/Content/EditorResources/S_TriggerSphere.uexp" 75
"../../../Engine/Content/EditorResources/S_TriggerCapsule.uasset" 76
"../../../Engine/Content/EditorResources/S_TriggerCapsule.uexp" 77
"../../../Engine/Content/EditorResources/S_TriggerBox.uasset" 78
"../../../Engine/Content/EditorResources/S_TriggerBox.uexp" 79
"../../../Engine/Content/EditorResources/S_Trigger.ubulk" 80
"../../../Engine/Content/EditorResources/S_Trigger.uasset" 81
"../../../Engine/Content/EditorResources/S_Trigger.uexp" 82
"../../../Engine/Content/EditorResources/S_Terrain.ubulk" 83
"../../../Engine/Content/EditorResources/S_Terrain.uasset" 84
"../../../Engine/Content/EditorResources/S_Terrain.uexp" 85
"../../../Engine/Content/EditorResources/S_Solver.ubulk" 86
"../../../Engine/Content/EditorResources/S_Solver.uasset" 87
"../../../Engine/Content/EditorResources/S_Solver.uexp" 88
"../../../Engine/Content/EditorResources/S_BoxReflectionCapture.uasset" 89
"../../../Engine/Content/EditorResources/S_BoxReflectionCapture.uexp" 90
"../../../Engine/Content/EditorResources/BSPVertex.uasset" 91
"../../../Engine/Content/EditorResources/BSPVertex.uexp" 92
"../../../Engine/Content/EditorLandscapeResources/DefaultAlphaTexture.uasset" 93
"../../../Engine/Content/EditorLandscapeResources/DefaultAlphaTexture.uexp" 94
"../../../Engine/Plugins/Runtime/AudioWidgets/Content/Resources/ScrubHandleDown_Clamped.uasset" 95
"../../../Engine/Plugins/Runtime/AudioWidgets/Content/Resources/ScrubHandleDown_Clamped.uexp" 96
"../../../Engine/Content/EngineResources/FilmGrains/Marcie_Grain_v3_128_M2_000.uasset" 97
"../../../Engine/Content/EngineResources/FilmGrains/Marcie_Grain_v3_128_M2_000.uexp" 98
"../../../Engine/Content/EngineMaterials/LTC/Sheen_LTC.uasset" 99
"../../../Engine/Content/EngineMaterials/LTC/Sheen_LTC.uexp" 100
"../../../Engine/Content/EngineMaterials/LTC/GGX_LTCMat.uasset" 101
"../../../Engine/Content/EngineMaterials/LTC/GGX_LTCMat.uexp" 102
"../../../Engine/Content/EngineMaterials/LTC/GGX_LTCAmp.uasset" 103
"../../../Engine/Content/EngineMaterials/LTC/GGX_LTCAmp.uexp" 104
"../../../Engine/Content/EngineMaterials/EnergyConservation/Sheen_Energy.uasset" 105
"../../../Engine/Content/EngineMaterials/EnergyConservation/Sheen_Energy.uexp" 106
"../../../Engine/Content/EngineMaterials/EnergyConservation/SheenLegacy_Energy.uasset" 107
"../../../Engine/Content/EngineMaterials/EnergyConservation/SheenLegacy_Energy.uexp" 108
"../../../Engine/Content/EngineMaterials/EnergyConservation/GGX_TransmissionEnergyArray.uasset" 109
"../../../Engine/Content/EngineMaterials/EnergyConservation/GGX_TransmissionEnergyArray.uexp" 110
"../../../Engine/Content/EngineMaterials/EnergyConservation/GGX_ReflectionEnergy.uasset" 111
"../../../Engine/Content/EngineMaterials/EnergyConservation/GGX_ReflectionEnergy.uexp" 112
"../../../Engine/Content/EngineMaterials/EnergyConservation/Diffuse_Energy.uasset" 113
"../../../Engine/Content/EngineMaterials/EnergyConservation/Diffuse_Energy.uexp" 114
"../../../Engine/Content/EditorResources/SequenceRecorder/RecordingIndicator.uasset" 115
"../../../Engine/Content/EditorResources/SequenceRecorder/RecordingIndicator.uexp" 116
"../../../Engine/Content/EditorResources/SequenceRecorder/Countdown.uasset" 117
"../../../Engine/Content/EditorResources/SequenceRecorder/Countdown.uexp" 118
"../../../Engine/Content/EditorMaterials/ParticleSystems/PSysThumbnail_OOD.ubulk" 119
"../../../Engine/Content/EditorMaterials/ParticleSystems/PSysThumbnail_OOD.uasset" 120
"../../../Engine/Content/EditorMaterials/ParticleSystems/PSysThumbnail_OOD.uexp" 121
"../../../Engine/Content/EditorMaterials/ParticleSystems/PSysThumbnail_NoImage.ubulk" 122
"../../../Engine/Content/EditorMaterials/ParticleSystems/PSysThumbnail_NoImage.uasset" 123
"../../../Engine/Content/EditorMaterials/ParticleSystems/PSysThumbnail_NoImage.uexp" 124
"../../../Engine/Content/EngineResources/DefaultTextureCube.uasset" 125
"../../../Engine/Content/EngineResources/DefaultTextureCube.uexp" 126
"../../../Engine/Content/EngineMaterials/Substrate/Volume/SubstrateSimpleVolumeEnvLUT3D.uasset" 127
"../../../Engine/Content/EngineMaterials/Substrate/Volume/SubstrateSimpleVolumeEnvLUT3D.uexp" 128
"../../../Engine/Content/EngineMaterials/Substrate/Volume/SubstrateSimpleVolumeLUT3D.uasset" 129
"../../../Engine/Content/EngineMaterials/Substrate/Volume/SubstrateSimpleVolumeLUT3D.uexp" 130
"../../../Engine/Content/EngineResources/DefaultVolumeTexture2D.uasset" 131
"../../../Engine/Content/EngineResources/DefaultVolumeTexture2D.uexp" 132
"../../../Engine/Content/EngineResources/DefaultVolumeTexture.uasset" 133
"../../../Engine/Content/EngineResources/DefaultVolumeTexture.uexp" 134
"../../../Engine/Plugins/Interchange/Assets/Content/Functions/MX_AbsorptionVDF.uasset" 135
"../../../Engine/Plugins/Interchange/Assets/Content/Functions/MX_AbsorptionVDF.uexp" 136
"../../../Engine/Plugins/Interchange/Assets/Content/Functions/MX_AnisotropicVDF.uasset" 137
"../../../Engine/Plugins/Interchange/Assets/Content/Functions/MX_AnisotropicVDF.uexp" 138
"../../../Engine/Plugins/Interchange/Assets/Content/Functions/MX_BurleyDiffuseBSDF.uasset" 139
"../../../Engine/Plugins/Interchange/Assets/Content/Functions/MX_BurleyDiffuseBSDF.uexp" 140
"../../../Engine/Plugins/Interchange/Assets/Content/Functions/MX_ConductorBSDF.uasset" 141
"../../../Engine/Plugins/Interchange/Assets/Content/Functions/MX_ConductorBSDF.uexp" 142
"../../../Engine/Plugins/Interchange/Assets/Content/Functions/MX_ConicalEDF.uasset" 143
"../../../Engine/Plugins/Interchange/Assets/Content/Functions/MX_ConicalEDF.uexp" 144
"../../../Engine/Plugins/Interchange/Assets/Content/Functions/MX_DielectricBSDF.uasset" 145
"../../../Engine/Plugins/Interchange/Assets/Content/Functions/MX_DielectricBSDF.uexp" 146
"../../../Engine/Plugins/Interchange/Assets/Content/Functions/MX_GeneralizedSchlickBSDF.uasset" 147
"../../../Engine/Plugins/Interchange/Assets/Content/Functions/MX_GeneralizedSchlickBSDF.uexp" 148
"../../../Engine/Plugins/Interchange/Assets/Content/Functions/MX_MeasuredEDF.uasset" 149
"../../../Engine/Plugins/Interchange/Assets/Content/Functions/MX_MeasuredEDF.uexp" 150
"../../../Engine/Plugins/Interchange/Assets/Content/Utilities/New_LUT.uasset" 151
"../../../Engine/Plugins/Interchange/Assets/Content/Utilities/New_LUT.uexp" 152
"../../../Engine/Content/Functions/Engine_MaterialFunctions03/Math/RemapValueRange.uasset" 153
"../../../Engine/Content/Functions/Engine_MaterialFunctions03/Math/RemapValueRange.uexp" 154
"../../../Engine/Plugins/Interchange/Assets/Content/Functions/MF_Iridescence.uasset" 155
"../../../Engine/Plugins/Interchange/Assets/Content/Functions/MF_Iridescence.uexp" 156
"../../../Engine/Plugins/Interchange/Assets/Content/Functions/MX_StandardSurface.uasset" 157
"../../../Engine/Plugins/Interchange/Assets/Content/Functions/MX_StandardSurface.uexp" 158
"../../../Engine/Plugins/Interchange/Assets/Content/Functions/MX_OpenPBR_Opaque.uasset" 159
"../../../Engine/Plugins/Interchange/Assets/Content/Functions/MX_OpenPBR_Opaque.uexp" 160
"../../../Engine/Plugins/Interchange/Assets/Content/Functions/MX_TransmissionSurface.uasset" 161
"../../../Engine/Plugins/Interchange/Assets/Content/Functions/MX_TransmissionSurface.uexp" 162
"../../../Engine/Plugins/Interchange/Assets/Content/Functions/MX_OpenPBR_Translucent.uasset" 163
"../../../Engine/Plugins/Interchange/Assets/Content/Functions/MX_OpenPBR_Translucent.uexp" 164
"../../../Engine/Plugins/Interchange/Assets/Content/Functions/MX_OrenNayarBSDF.uasset" 165
"../../../Engine/Plugins/Interchange/Assets/Content/Functions/MX_OrenNayarBSDF.uexp" 166
"../../../Engine/Plugins/Interchange/Assets/Content/Functions/MX_SheenBSDF.uasset" 167
"../../../Engine/Plugins/Interchange/Assets/Content/Functions/MX_SheenBSDF.uexp" 168
"../../../Engine/Plugins/Interchange/Assets/Content/Functions/MX_SubsurfaceBSDF.uasset" 169
"../../../Engine/Plugins/Interchange/Assets/Content/Functions/MX_SubsurfaceBSDF.uexp" 170
"../../../Engine/Plugins/Interchange/Assets/Content/Functions/MX_Surface.uasset" 171
"../../../Engine/Plugins/Interchange/Assets/Content/Functions/MX_Surface.uexp" 172
"../../../Engine/Plugins/Interchange/Assets/Content/Functions/MX_SurfaceUnlit.uasset" 173
"../../../Engine/Plugins/Interchange/Assets/Content/Functions/MX_SurfaceUnlit.uexp" 174
"../../../Engine/Plugins/Interchange/Assets/Content/Functions/MX_ThinFilmBSDF.uasset" 175
"../../../Engine/Plugins/Interchange/Assets/Content/Functions/MX_ThinFilmBSDF.uexp" 176
"../../../Engine/Plugins/Interchange/Assets/Content/Functions/MX_TranslucentBSDF.uasset" 177
"../../../Engine/Plugins/Interchange/Assets/Content/Functions/MX_TranslucentBSDF.uexp" 178
"../../../Engine/Plugins/Interchange/Assets/Content/Functions/MX_UniformEDF.uasset" 179
"../../../Engine/Plugins/Interchange/Assets/Content/Functions/MX_UniformEDF.uexp" 180
"../../../Engine/Plugins/Interchange/Assets/Content/Functions/MX_UsdPreviewSurface.uasset" 181
"../../../Engine/Plugins/Interchange/Assets/Content/Functions/MX_UsdPreviewSurface.uexp" 182
"../../../Engine/Content/Functions/Engine_MaterialFunctions01/Shading/PowerToRoughness.uasset" 183
"../../../Engine/Content/Functions/Engine_MaterialFunctions01/Shading/PowerToRoughness.uexp" 184
"../../../Engine/Content/Functions/Engine_MaterialFunctions01/Shading/ConvertFromDiffSpec.uasset" 185
"../../../Engine/Content/Functions/Engine_MaterialFunctions01/Shading/ConvertFromDiffSpec.uexp" 186
"../../../Engine/Content/EditorMaterials/Dataflow/DataflowTwoSidedVertexMaterial.uasset" 187
"../../../Engine/Content/EditorMaterials/Dataflow/DataflowTwoSidedVertexMaterial.uexp" 188
"../../../Engine/Content/EditorMaterials/Dataflow/DataflowVertexMaterial.uasset" 189
"../../../Engine/Content/EditorMaterials/Dataflow/DataflowVertexMaterial.uexp" 190
"E:/GameDev/Games/BrickedUp/Bricked-Up/Content/Abilities/Drops/AbilityDropDowngrade_Mat.uasset" 191
"E:/GameDev/Games/BrickedUp/Bricked-Up/Content/Abilities/Drops/AbilityDropDowngrade_Mat.uexp" 192
"E:/GameDev/Games/BrickedUp/Bricked-Up/Content/Abilities/Drops/AbilityDropNeutral_Mat.uasset" 193
"E:/GameDev/Games/BrickedUp/Bricked-Up/Content/Abilities/Drops/AbilityDropNeutral_Mat.uexp" 194
"E:/GameDev/Games/BrickedUp/Bricked-Up/Content/Abilities/Drops/AbilityDropRareDowngrade_Mat.uasset" 195
"E:/GameDev/Games/BrickedUp/Bricked-Up/Content/Abilities/Drops/AbilityDropRareDowngrade_Mat.uexp" 196
"E:/GameDev/Games/BrickedUp/Bricked-Up/Content/Abilities/Drops/AbilityDropRareUpgrade_Mat.uasset" 197
"E:/GameDev/Games/BrickedUp/Bricked-Up/Content/Abilities/Drops/AbilityDropRareUpgrade_Mat.uexp" 198
"../../../Engine/Plugins/Runtime/HairStrands/Content/Materials/HairCardsDefaultMaterial.uasset" 199
"../../../Engine/Plugins/Runtime/HairStrands/Content/Materials/HairCardsDefaultMaterial.uexp" 200
"../../../Engine/Plugins/Runtime/HairStrands/Content/Materials/HairGroupColors.uasset" 201
"../../../Engine/Plugins/Runtime/HairStrands/Content/Materials/HairGroupColors.uexp" 202
"../../../Engine/Content/Functions/Engine_MaterialFunctions02/Utility/MakeFloat2.uasset" 203
"../../../Engine/Content/Functions/Engine_MaterialFunctions02/Utility/MakeFloat2.uexp" 204
"../../../Engine/Content/Functions/Engine_MaterialFunctions02/Utility/MakeFloat3.uasset" 205
"../../../Engine/Content/Functions/Engine_MaterialFunctions02/Utility/MakeFloat3.uexp" 206
"../../../Engine/Content/EngineMaterials/HairColorMap.uasset" 207
"../../../Engine/Content/EngineMaterials/HairColorMap.uexp" 208
"../../../Engine/Content/EngineMaterials/HairDebugColor.uasset" 209
"../../../Engine/Content/EngineMaterials/HairDebugColor.uexp" 210
"../../../Engine/Plugins/Runtime/HairStrands/Content/Materials/HairDebugMaterial.uasset" 211
"../../../Engine/Plugins/Runtime/HairStrands/Content/Materials/HairDebugMaterial.uexp" 212
"../../../Engine/Plugins/Runtime/HairStrands/Content/Materials/HairDefaultMaterial.uasset" 213
"../../../Engine/Plugins/Runtime/HairStrands/Content/Materials/HairDefaultMaterial.uexp" 214
"../../../Engine/Plugins/Runtime/HairStrands/Content/Materials/HairMeshesDefaultMaterial.uasset" 215
"../../../Engine/Plugins/Runtime/HairStrands/Content/Materials/HairMeshesDefaultMaterial.uexp" 216
"../../../Engine/Plugins/Runtime/MeshModelingToolset/Content/Materials/M_DynamicMeshComponentVtxColor.uasset" 217
"../../../Engine/Plugins/Runtime/MeshModelingToolset/Content/Materials/M_DynamicMeshComponentVtxColor.uexp" 218
"../../../Engine/Content/BasicShapes/BasicShapeMaterial.uasset" 219
"../../../Engine/Content/BasicShapes/BasicShapeMaterial.uexp" 220
"../../../Engine/Content/EditorMaterials/PhAT_NoCollisionMaterial.uasset" 221
"../../../Engine/Content/EditorMaterials/PhAT_NoCollisionMaterial.uexp" 222
"../../../Engine/Content/EditorMaterials/PhAT_UnselectedMaterial.uasset" 223
"../../../Engine/Content/EditorMaterials/PhAT_UnselectedMaterial.uexp" 224
"../../../Engine/Content/EditorMaterials/PreviewShadowIndicator.ubulk" 225
"../../../Engine/Content/EditorMaterials/PreviewShadowIndicator.uasset" 226
"../../../Engine/Content/EditorMaterials/PreviewShadowIndicator.uexp" 227
"../../../Engine/Content/EditorMaterials/PreviewShadowIndicatorMaterial.uasset" 228
"../../../Engine/Content/EditorMaterials/PreviewShadowIndicatorMaterial.uexp" 229
"../../../Engine/Content/EngineDebugMaterials/DebugEditorMaterial.uasset" 230
"../../../Engine/Content/EngineDebugMaterials/DebugEditorMaterial.uexp" 231
"../../../Engine/Content/EngineDebugMaterials/DebugMeshMaterial.uasset" 232
"../../../Engine/Content/EngineDebugMaterials/DebugMeshMaterial.uexp" 233
"../../../Engine/Content/EngineDebugMaterials/M_SimpleUnlitTranslucent.uasset" 234
"../../../Engine/Content/EngineDebugMaterials/M_SimpleUnlitTranslucent.uexp" 235
"../../../Engine/Content/Functions/Engine_MaterialFunctions02/Utility/CameraDirectionVector.uasset" 236
"../../../Engine/Content/Functions/Engine_MaterialFunctions02/Utility/CameraDirectionVector.uexp" 237
"../../../Engine/Content/EngineDebugMaterials/VolumeToRender.uasset" 238
"../../../Engine/Content/EngineDebugMaterials/VolumeToRender.uexp" 239
"../../../Engine/Content/EngineDebugMaterials/M_VolumeRenderSphereTracePP.uasset" 240
"../../../Engine/Content/EngineDebugMaterials/M_VolumeRenderSphereTracePP.uexp" 241
"../../../Engine/Content/EngineMaterials/DefaultDiffuse.ubulk" 242
"../../../Engine/Content/EngineMaterials/DefaultDiffuse.uasset" 243
"../../../Engine/Content/EngineMaterials/DefaultDiffuse.uexp" 244
"../../../Engine/Content/EngineMaterials/DefaultDeferredDecalMaterial.uasset" 245
"../../../Engine/Content/EngineMaterials/DefaultDeferredDecalMaterial.uexp" 246
"../../../Engine/Content/EngineMaterials/DefaultLightFunctionMaterial.uasset" 247
"../../../Engine/Content/EngineMaterials/DefaultLightFunctionMaterial.uexp" 248
"../../../Engine/Content/Functions/Engine_MaterialFunctions02/Utility/BreakOutFloat2Components.uasset" 249
"../../../Engine/Content/Functions/Engine_MaterialFunctions02/Utility/BreakOutFloat2Components.uexp" 250
"../../../Engine/Content/EngineMaterials/DefaultPostProcessMaterial.uasset" 251
"../../../Engine/Content/EngineMaterials/DefaultPostProcessMaterial.uexp" 252
"../../../Engine/Content/EngineFonts/RobotoDistanceField.uasset" 253
"../../../Engine/Content/EngineFonts/RobotoDistanceField.uexp" 254
"../../../Engine/Content/EngineMaterials/DefaultTextMaterialOpaque.uasset" 255
"../../../Engine/Content/EngineMaterials/DefaultTextMaterialOpaque.uexp" 256
"../../../Engine/Content/EngineMaterials/DefaultWhiteGrid_Low.uasset" 257
"../../../Engine/Content/EngineMaterials/DefaultWhiteGrid_Low.uexp" 258
"../../../Engine/Content/EngineMaterials/EmissiveMeshMaterial.uasset" 259
"../../../Engine/Content/EngineMaterials/EmissiveMeshMaterial.uexp" 260
"../../../Engine/Content/EngineMaterials/BaseFlattenNormalMap.uasset" 261
"../../../Engine/Content/EngineMaterials/BaseFlattenNormalMap.uexp" 262
"../../../Engine/Content/EngineMaterials/BaseFlattenGrayscaleMap.uasset" 263
"../../../Engine/Content/EngineMaterials/BaseFlattenGrayscaleMap.uexp" 264
"../../../Engine/Content/EngineMaterials/BaseFlattenDiffuseMap.uasset" 265
"../../../Engine/Content/EngineMaterials/BaseFlattenDiffuseMap.uexp" 266
"../../../Engine/Content/Functions/Engine_MaterialFunctions02/PivotPainter2/Black_1x1_EXR_Texture.uasset" 267
"../../../Engine/Content/Functions/Engine_MaterialFunctions02/PivotPainter2/Black_1x1_EXR_Texture.uexp" 268
"../../../Engine/Content/EngineMaterials/BaseFlattenEmissiveMap.uasset" 269
"../../../Engine/Content/EngineMaterials/BaseFlattenEmissiveMap.uexp" 270
"../../../Engine/Content/EngineMaterials/BaseFlattenLinearColor.uasset" 271
"../../../Engine/Content/EngineMaterials/BaseFlattenLinearColor.uexp" 272
"../../../Engine/Content/EngineMaterials/FlattenMaterial.uasset" 273
"../../../Engine/Content/EngineMaterials/FlattenMaterial.uexp" 274
"../../../Engine/Content/EngineMaterials/BaseFlattenEmissiveMap_VT.uasset" 275
"../../../Engine/Content/EngineMaterials/BaseFlattenEmissiveMap_VT.uexp" 276
"../../../Engine/Content/EngineMaterials/BaseFlattenGrayscaleMap_VT.uasset" 277
"../../../Engine/Content/EngineMaterials/BaseFlattenGrayscaleMap_VT.uexp" 278
"../../../Engine/Content/EngineMaterials/BaseFlattenLinearColor_VT.uasset" 279
"../../../Engine/Content/EngineMaterials/BaseFlattenLinearColor_VT.uexp" 280
"../../../Engine/Content/EngineMaterials/Black_1x1_EXR_Texture_VT.uasset" 281
"../../../Engine/Content/EngineMaterials/Black_1x1_EXR_Texture_VT.uexp" 282
"../../../Engine/Content/EngineMaterials/BaseFlattenDiffuseMap_VT.uasset" 283
"../../../Engine/Content/EngineMaterials/BaseFlattenDiffuseMap_VT.uexp" 284
"../../../Engine/Content/EngineMaterials/BaseFlattenNormalMap_VT.uasset" 285
"../../../Engine/Content/EngineMaterials/BaseFlattenNormalMap_VT.uexp" 286
"../../../Engine/Content/EngineMaterials/FlattenMaterial_VT.uasset" 287
"../../../Engine/Content/EngineMaterials/FlattenMaterial_VT.uexp" 288
"../../../Engine/Content/EngineMaterials/FlattenMaterial_WS_Normal_VT.uasset" 289
"../../../Engine/Content/EngineMaterials/FlattenMaterial_WS_Normal_VT.uexp" 290
"../../../Engine/Content/EngineMaterials/GizmoMaterial.uasset" 291
"../../../Engine/Content/EngineMaterials/GizmoMaterial.uexp" 292
"../../../Engine/Content/EngineMaterials/InvalidLightmapSettings.ubulk" 293
"../../../Engine/Content/EngineMaterials/InvalidLightmapSettings.uasset" 294
"../../../Engine/Content/EngineMaterials/InvalidLightmapSettings.uexp" 295
"../../../Engine/Content/EngineMaterials/M_InvalidLightmapSettings.uasset" 296
"../../../Engine/Content/EngineMaterials/M_InvalidLightmapSettings.uexp" 297
"../../../Engine/Content/EngineMaterials/NaniteHiddenSectionMaterial.uasset" 298
"../../../Engine/Content/EngineMaterials/NaniteHiddenSectionMaterial.uexp" 299
"../../../Engine/Content/Functions/Engine_MaterialFunctions02/WorldPositionOffset/CameraOffset.uasset" 300
"../../../Engine/Content/Functions/Engine_MaterialFunctions02/WorldPositionOffset/CameraOffset.uexp" 301
"../../../Engine/Content/EngineMaterials/PhAT_JointLimitMaterial.uasset" 302
"../../../Engine/Content/EngineMaterials/PhAT_JointLimitMaterial.uexp" 303
"../../../Engine/Content/EngineMaterials/DefaultCalibrationColor.uasset" 304
"../../../Engine/Content/EngineMaterials/DefaultCalibrationColor.uexp" 305
"../../../Engine/Content/EngineMaterials/PPM_DefaultCalibrationColor.uasset" 306
"../../../Engine/Content/EngineMaterials/PPM_DefaultCalibrationColor.uexp" 307
"../../../Engine/Content/EngineMaterials/DefaultCalibrationGrayscale.uasset" 308
"../../../Engine/Content/EngineMaterials/DefaultCalibrationGrayscale.uexp" 309
"../../../Engine/Content/EngineMaterials/PPM_DefaultCalibrationGrayscale.uasset" 310
"../../../Engine/Content/EngineMaterials/PPM_DefaultCalibrationGrayscale.uexp" 311
"../../../Engine/Content/EngineMaterials/RemoveSurfaceMaterial.uasset" 312
"../../../Engine/Content/EngineMaterials/RemoveSurfaceMaterial.uexp" 313
"../../../Engine/Plugins/Animation/ControlRig/Content/Controls/ControlRigGizmoMaterial.uasset" 314
"../../../Engine/Plugins/Animation/ControlRig/Content/Controls/ControlRigGizmoMaterial.uexp" 315
"../../../Engine/Plugins/Animation/ControlRig/Content/Controls/ControlRigXRayMaterial.uasset" 316
"../../../Engine/Plugins/Animation/ControlRig/Content/Controls/ControlRigXRayMaterial.uexp" 317
"../../../Engine/Plugins/Editor/SpeedTreeImporter/Content/SpeedTree9/game_wind_noise.ubulk" 318
"../../../Engine/Plugins/Editor/SpeedTreeImporter/Content/SpeedTree9/game_wind_noise.uasset" 319
"../../../Engine/Plugins/Editor/SpeedTreeImporter/Content/SpeedTree9/game_wind_noise.uexp" 320
"../../../Engine/Plugins/Editor/SpeedTreeImporter/Content/SpeedTree9/UnpackDirection.uasset" 321
"../../../Engine/Plugins/Editor/SpeedTreeImporter/Content/SpeedTree9/UnpackDirection.uexp" 322
"../../../Engine/Content/Functions/Engine_MaterialFunctions02/ObjectLocalBounds.uasset" 323
"../../../Engine/Content/Functions/Engine_MaterialFunctions02/ObjectLocalBounds.uexp" 324
"../../../Engine/Content/Functions/Engine_MaterialFunctions02/Utility/BreakOutFloat3Components.uasset" 325
"../../../Engine/Content/Functions/Engine_MaterialFunctions02/Utility/BreakOutFloat3Components.uexp" 326
"../../../Engine/Content/Functions/Engine_MaterialFunctions02/UVs/BoundingBoxBased_0-1_UVW.uasset" 327
"../../../Engine/Content/Functions/Engine_MaterialFunctions02/UVs/BoundingBoxBased_0-1_UVW.uexp" 328
"../../../Engine/Plugins/Editor/SpeedTreeImporter/Content/SpeedTree9/SpeedTreeBillboard.uasset" 329
"../../../Engine/Plugins/Editor/SpeedTreeImporter/Content/SpeedTree9/SpeedTreeBillboard.uexp" 330
"../../../Engine/Content/Functions/Engine_MaterialFunctions02/Utility/VectorLength.uasset" 331
"../../../Engine/Content/Functions/Engine_MaterialFunctions02/Utility/VectorLength.uexp" 332
"../../../Engine/Plugins/Editor/SpeedTreeImporter/Content/SpeedTree9/UnpackInteger3.uasset" 333
"../../../Engine/Plugins/Editor/SpeedTreeImporter/Content/SpeedTree9/UnpackInteger3.uexp" 334
"../../../Engine/Content/Functions/Engine_MaterialFunctions02/WorldPositionOffset/ObjectScale.uasset" 335
"../../../Engine/Content/Functions/Engine_MaterialFunctions02/WorldPositionOffset/ObjectScale.uexp" 336
"../../../Engine/Content/Functions/Engine_MaterialFunctions02/SafeNormalize.uasset" 337
"../../../Engine/Content/Functions/Engine_MaterialFunctions02/SafeNormalize.uexp" 338
"../../../Engine/Plugins/Editor/SpeedTreeImporter/Content/SpeedTree9/SpeedTreeWindMotion.uasset" 339
"../../../Engine/Plugins/Editor/SpeedTreeImporter/Content/SpeedTree9/SpeedTreeWindMotion.uexp" 340
"../../../Engine/Plugins/Editor/SpeedTreeImporter/Content/SpeedTree9/SpeedTreeBranchMotion.uasset" 341
"../../../Engine/Plugins/Editor/SpeedTreeImporter/Content/SpeedTree9/SpeedTreeBranchMotion.uexp" 342
"../../../Engine/Plugins/Editor/SpeedTreeImporter/Content/SpeedTree9/SpeedTreeWind.uasset" 343
"../../../Engine/Plugins/Editor/SpeedTreeImporter/Content/SpeedTree9/SpeedTreeWind.uexp" 344
"../../../Engine/Plugins/Editor/SpeedTreeImporter/Content/SpeedTree9/EmptyNormal.uasset" 345
"../../../Engine/Plugins/Editor/SpeedTreeImporter/Content/SpeedTree9/EmptyNormal.uexp" 346
"../../../Engine/Plugins/Editor/SpeedTreeImporter/Content/SpeedTree9/Empty.uasset" 347
"../../../Engine/Plugins/Editor/SpeedTreeImporter/Content/SpeedTree9/Empty.uexp" 348
"../../../Engine/Plugins/Editor/SpeedTreeImporter/Content/SpeedTree9/SpeedTreeBillboardMaster.uasset" 349
"../../../Engine/Plugins/Editor/SpeedTreeImporter/Content/SpeedTree9/SpeedTreeBillboardMaster.uexp" 350
"../../../Engine/Plugins/Editor/SpeedTreeImporter/Content/SpeedTree9/SpeedTreeCameraFacing.uasset" 351
"../../../Engine/Plugins/Editor/SpeedTreeImporter/Content/SpeedTree9/SpeedTreeCameraFacing.uexp" 352
"../../../Engine/Plugins/Editor/SpeedTreeImporter/Content/SpeedTree9/SpeedTreeMaster.uasset" 353
"../../../Engine/Plugins/Editor/SpeedTreeImporter/Content/SpeedTree9/SpeedTreeMaster.uexp" 354
"../../../Engine/Plugins/Animation/ControlRig/Content/M_Manip.uasset" 355
"../../../Engine/Plugins/Animation/ControlRig/Content/M_Manip.uexp" 356
"../../../Engine/Content/EngineMeshes/Sphere.ubulk" 357
"../../../Engine/Content/EngineMeshes/Sphere.uasset" 358
"../../../Engine/Content/EngineMeshes/Sphere.uexp" 359
"../../../Engine/Content/VREditor/TransformGizmo/Main.uasset" 360
"../../../Engine/Content/VREditor/TransformGizmo/Main.uexp" 361
"../../../Engine/Content/VREditor/TransformGizmo/Xray.uasset" 362
"../../../Engine/Content/VREditor/TransformGizmo/Xray.uexp" 363
"../../../Engine/Content/VREditor/TransformGizmo/SM_Sequencer_Node.ubulk" 364
"../../../Engine/Content/VREditor/TransformGizmo/SM_Sequencer_Node.uasset" 365
"../../../Engine/Content/VREditor/TransformGizmo/SM_Sequencer_Node.uexp" 366
"../../../Engine/Content/VREditor/LaserPointer/VR_LaserPower_01.ubulk" 367
"../../../Engine/Content/VREditor/LaserPointer/VR_LaserPower_01.uasset" 368
"../../../Engine/Content/VREditor/LaserPointer/VR_LaserPower_01.uexp" 369
"../../../Engine/Content/VREditor/TransformGizmo/TransformGizmoMaterial.uasset" 370
"../../../Engine/Content/VREditor/TransformGizmo/TransformGizmoMaterial.uexp" 371
"../../../Engine/Content/VREditor/TransformGizmo/TranslucentTransformGizmoMaterial.uasset" 372
"../../../Engine/Content/VREditor/TransformGizmo/TranslucentTransformGizmoMaterial.uexp" 373
"../../../Engine/Content/VREditor/TransformGizmo/BoundingBoxCorner.ubulk" 374
"../../../Engine/Content/VREditor/TransformGizmo/BoundingBoxCorner.uasset" 375
"../../../Engine/Content/VREditor/TransformGizmo/BoundingBoxCorner.uexp" 376
"../../../Engine/Content/VREditor/TransformGizmo/BoundingBoxEdge.ubulk" 377
"../../../Engine/Content/VREditor/TransformGizmo/BoundingBoxEdge.uasset" 378
"../../../Engine/Content/VREditor/TransformGizmo/BoundingBoxEdge.uexp" 379
"../../../Engine/Content/EditorMaterials/Camera/CineMat.uasset" 380
"../../../Engine/Content/EditorMaterials/Camera/CineMat.uexp" 381
"../../../Engine/Content/EditorMaterials/Camera/MI_CineMat_Rig.uasset" 382
"../../../Engine/Content/EditorMaterials/Camera/MI_CineMat_Rig.uexp" 383
"../../../Engine/Content/EditorMeshes/Camera/SM_CraneRig_Base.ubulk" 384
"../../../Engine/Content/EditorMeshes/Camera/SM_CraneRig_Base.uasset" 385
"../../../Engine/Content/EditorMeshes/Camera/SM_CraneRig_Base.uexp" 386
"../../../Engine/Content/EditorMeshes/Camera/SM_CraneRig_Arm.ubulk" 387
"../../../Engine/Content/EditorMeshes/Camera/SM_CraneRig_Arm.uasset" 388
"../../../Engine/Content/EditorMeshes/Camera/SM_CraneRig_Arm.uexp" 389
"../../../Engine/Content/EditorMeshes/Camera/SM_CraneRig_Mount.ubulk" 390
"../../../Engine/Content/EditorMeshes/Camera/SM_CraneRig_Mount.uasset" 391
"../../../Engine/Content/EditorMeshes/Camera/SM_CraneRig_Mount.uexp" 392
"../../../Engine/Content/EditorMeshes/Camera/SM_CraneRig_Body.ubulk" 393
"../../../Engine/Content/EditorMeshes/Camera/SM_CraneRig_Body.uasset" 394
"../../../Engine/Content/EditorMeshes/Camera/SM_CraneRig_Body.uexp" 395
"../../../Engine/Content/EditorMeshes/Camera/SM_RailRig_Track.ubulk" 396
"../../../Engine/Content/EditorMeshes/Camera/SM_RailRig_Track.uasset" 397
"../../../Engine/Content/EditorMeshes/Camera/SM_RailRig_Track.uexp" 398
"../../../Engine/Content/EditorMeshes/Camera/SM_RailRig_Mount.ubulk" 399
"../../../Engine/Content/EditorMeshes/Camera/SM_RailRig_Mount.uasset" 400
"../../../Engine/Content/EditorMeshes/Camera/SM_RailRig_Mount.uexp" 401
"../../../Engine/Content/EngineMaterials/T_Default_Material_Grid_M.ubulk" 402
"../../../Engine/Content/EngineMaterials/T_Default_Material_Grid_M.uasset" 403
"../../../Engine/Content/EngineMaterials/T_Default_Material_Grid_M.uexp" 404
"../../../Engine/Content/EngineMaterials/T_Default_Material_Grid_N.ubulk" 405
"../../../Engine/Content/EngineMaterials/T_Default_Material_Grid_N.uasset" 406
"../../../Engine/Content/EngineMaterials/T_Default_Material_Grid_N.uexp" 407
"../../../Engine/Content/Functions/Engine_MaterialFunctions01/Opacity/CameraDepthFade.uasset" 408
"../../../Engine/Content/Functions/Engine_MaterialFunctions01/Opacity/CameraDepthFade.uexp" 409
"../../../Engine/Content/EngineMaterials/WorldGridMaterial.uasset" 410
"../../../Engine/Content/EngineMaterials/WorldGridMaterial.uexp" 411
"../../../Engine/Content/ArtTools/RenderToTexture/Meshes/S_1_Unit_Plane.ubulk" 412
"../../../Engine/Content/ArtTools/RenderToTexture/Meshes/S_1_Unit_Plane.uasset" 413
"../../../Engine/Content/ArtTools/RenderToTexture/Meshes/S_1_Unit_Plane.uexp" 414
"../../../Engine/Content/EngineMaterials/Substrate/GLints/AGlintTex2dArray.uasset" 415
"../../../Engine/Content/EngineMaterials/Substrate/GLints/AGlintTex2dArray.uexp" 416
"../../../Engine/Content/EngineMaterials/Substrate/GLints2/AGlintTex2dArray2.uasset" 417
"../../../Engine/Content/EngineMaterials/Substrate/GLints2/AGlintTex2dArray2.uexp" 418
"../../../Engine/Content/EngineSky/VolumetricClouds/T_CloudMask.ubulk" 419
"../../../Engine/Content/EngineSky/VolumetricClouds/T_CloudMask.uasset" 420
"../../../Engine/Content/EngineSky/VolumetricClouds/T_CloudMask.uexp" 421
"../../../Engine/Content/EngineSky/VolumetricClouds/VT_Lightning.uasset" 422
"../../../Engine/Content/EngineSky/VolumetricClouds/VT_Lightning.uexp" 423
"../../../Engine/Content/EngineSky/VolumetricClouds/T_Profile_08.ubulk" 424
"../../../Engine/Content/EngineSky/VolumetricClouds/T_Profile_08.uasset" 425
"../../../Engine/Content/EngineSky/VolumetricClouds/T_Profile_08.uexp" 426
"../../../Engine/Content/Functions/Engine_MaterialFunctions02/Utility/MakeFloat4.uasset" 427
"../../../Engine/Content/Functions/Engine_MaterialFunctions02/Utility/MakeFloat4.uexp" 428
"../../../Engine/Content/Functions/Engine_MaterialFunctions01/Units/Km-to-Cm.uasset" 429
"../../../Engine/Content/Functions/Engine_MaterialFunctions01/Units/Km-to-Cm.uexp" 430
"../../../Engine/Content/Functions/Engine_MaterialFunctions02/Utility/BreakOutFloat4Components.uasset" 431
"../../../Engine/Content/Functions/Engine_MaterialFunctions02/Utility/BreakOutFloat4Components.uexp" 432
"../../../Engine/Content/EngineSky/VolumetricClouds/T_CloudPattern.ubulk" 433
"../../../Engine/Content/EngineSky/VolumetricClouds/T_CloudPattern.uasset" 434
"../../../Engine/Content/EngineSky/VolumetricClouds/T_CloudPattern.uexp" 435
"../../../Engine/Content/EngineSky/VolumetricClouds/VT_PerlinWorley_Balanced.uasset" 436
"../../../Engine/Content/EngineSky/VolumetricClouds/VT_PerlinWorley_Balanced.uexp" 437
"../../../Engine/Content/EngineSky/VolumetricClouds/m_SimpleVolumetricCloud.uasset" 438
"../../../Engine/Content/EngineSky/VolumetricClouds/m_SimpleVolumetricCloud.uexp" 439
"../../../Engine/Content/EngineSky/VolumetricClouds/m_SimpleVolumetricCloud_Inst.uasset" 440
"../../../Engine/Content/EngineSky/VolumetricClouds/m_SimpleVolumetricCloud_Inst.uexp" 441
"../../../Engine/Content/Functions/Engine_MaterialFunctions02/Math/Transform3x3Matrix.uasset" 442
"../../../Engine/Content/Functions/Engine_MaterialFunctions02/Math/Transform3x3Matrix.uexp" 443
"../../../Engine/Plugins/Interchange/Assets/Content/gltf/Textures/T_White_srgb.uasset" 444
"../../../Engine/Plugins/Interchange/Assets/Content/gltf/Textures/T_White_srgb.uexp" 445
"../../../Engine/Plugins/Interchange/Assets/Content/gltf/MaterialFunctions/MF_Specular.uasset" 446
"../../../Engine/Plugins/Interchange/Assets/Content/gltf/MaterialFunctions/MF_Specular.uexp" 447
"../../../Engine/Plugins/Interchange/Assets/Content/gltf/Textures/T_Anisotropy_Direction_Linear.uasset" 448
"../../../Engine/Plugins/Interchange/Assets/Content/gltf/Textures/T_Anisotropy_Direction_Linear.uexp" 449
"../../../Engine/Plugins/Interchange/Assets/Content/gltf/MaterialFunctions/MF_SpecularAnisotropy.uasset" 450
"../../../Engine/Plugins/Interchange/Assets/Content/gltf/MaterialFunctions/MF_SpecularAnisotropy.uexp" 451
"../../../Engine/Plugins/Interchange/Assets/Content/gltf/Textures/T_White_Linear.uasset" 452
"../../../Engine/Plugins/Interchange/Assets/Content/gltf/Textures/T_White_Linear.uexp" 453
"../../../Engine/Plugins/Interchange/Assets/Content/gltf/MaterialFunctions/MF_MetallicRoughness.uasset" 454
"../../../Engine/Plugins/Interchange/Assets/Content/gltf/MaterialFunctions/MF_MetallicRoughness.uexp" 455
"../../../Engine/Plugins/Interchange/Assets/Content/gltf/Textures/T_Generic_N.uasset" 456
"../../../Engine/Plugins/Interchange/Assets/Content/gltf/Textures/T_Generic_N.uexp" 457
"../../../Engine/Plugins/Interchange/Assets/Content/gltf/MaterialFunctions/MF_ScaleNormal.uasset" 458
"../../../Engine/Plugins/Interchange/Assets/Content/gltf/MaterialFunctions/MF_ScaleNormal.uexp" 459
"../../../Engine/Plugins/Interchange/Assets/Content/gltf/MaterialFunctions/MF_BaseColor.uasset" 460
"../../../Engine/Plugins/Interchange/Assets/Content/gltf/MaterialFunctions/MF_BaseColor.uexp" 461
"../../../Engine/Plugins/Interchange/Assets/Content/gltf/MaterialFunctions/MF_Iridescence.uasset" 462
"../../../Engine/Plugins/Interchange/Assets/Content/gltf/MaterialFunctions/MF_Iridescence.uexp" 463
"../../../Engine/Plugins/Interchange/Assets/Content/gltf/MaterialFunctions/MF_Occlusion.uasset" 464
"../../../Engine/Plugins/Interchange/Assets/Content/gltf/MaterialFunctions/MF_Occlusion.uexp" 465
"../../../Engine/Plugins/Interchange/Assets/Content/gltf/MaterialFunctions/MF_IOR.uasset" 466
"../../../Engine/Plugins/Interchange/Assets/Content/gltf/MaterialFunctions/MF_IOR.uexp" 467
"../../../Engine/Plugins/Interchange/Assets/Content/gltf/MaterialFunctions/MF_RotateV2.uasset" 468
"../../../Engine/Plugins/Interchange/Assets/Content/gltf/MaterialFunctions/MF_RotateV2.uexp" 469
"../../../Engine/Plugins/Interchange/Assets/Content/gltf/MaterialFunctions/MF_TransformUVs.uasset" 470
"../../../Engine/Plugins/Interchange/Assets/Content/gltf/MaterialFunctions/MF_TransformUVs.uexp" 471
"../../../Engine/Plugins/Interchange/Assets/Content/gltf/MaterialFunctions/MF_Emissive.uasset" 472
"../../../Engine/Plugins/Interchange/Assets/Content/gltf/MaterialFunctions/MF_Emissive.uexp" 473
"../../../Engine/Plugins/Interchange/Assets/Content/gltf/MaterialFunctions/MF_RotateNormals_TS.uasset" 474
"../../../Engine/Plugins/Interchange/Assets/Content/gltf/MaterialFunctions/MF_RotateNormals_TS.uexp" 475
"../../../Engine/Plugins/Interchange/Assets/Content/gltf/MaterialFunctions/MF_Normals.uasset" 476
"../../../Engine/Plugins/Interchange/Assets/Content/gltf/MaterialFunctions/MF_Normals.uexp" 477
"../../../Engine/Content/Functions/Engine_MaterialFunctions01/Texturing/FlattenNormal.uasset" 478
"../../../Engine/Content/Functions/Engine_MaterialFunctions01/Texturing/FlattenNormal.uexp" 479
"../../../Engine/Plugins/Interchange/Assets/Content/gltf/MaterialFunctions/MF_Clearcoat.uasset" 480
"../../../Engine/Plugins/Interchange/Assets/Content/gltf/MaterialFunctions/MF_Clearcoat.uexp" 481
"../../../Engine/Plugins/Interchange/Assets/Content/gltf/MaterialBodies/MF_ClearCoat_Body.uasset" 482
"../../../Engine/Plugins/Interchange/Assets/Content/gltf/MaterialBodies/MF_ClearCoat_Body.uexp" 483
"../../../Engine/Plugins/Interchange/Assets/Content/gltf/M_ClearCoat.uasset" 484
"../../../Engine/Plugins/Interchange/Assets/Content/gltf/M_ClearCoat.uexp" 485
"../../../Engine/Plugins/Interchange/Assets/Content/gltf/MaterialInstances/MI_ClearCoat_Blend.uasset" 486
"../../../Engine/Plugins/Interchange/Assets/Content/gltf/MaterialInstances/MI_ClearCoat_Blend.uexp" 487
"../../../Engine/Plugins/Interchange/Assets/Content/gltf/MaterialInstances/MI_ClearCoat_Blend_DS.uasset" 488
"../../../Engine/Plugins/Interchange/Assets/Content/gltf/MaterialInstances/MI_ClearCoat_Blend_DS.uexp" 489
"../../../Engine/Plugins/Interchange/Assets/Content/gltf/MaterialInstances/MI_ClearCoat_Mask.uasset" 490
"../../../Engine/Plugins/Interchange/Assets/Content/gltf/MaterialInstances/MI_ClearCoat_Mask.uexp" 491
"../../../Engine/Plugins/Interchange/Assets/Content/gltf/MaterialInstances/MI_ClearCoat_Mask_DS.uasset" 492
"../../../Engine/Plugins/Interchange/Assets/Content/gltf/MaterialInstances/MI_ClearCoat_Mask_DS.uexp" 493
"../../../Engine/Plugins/Interchange/Assets/Content/gltf/MaterialInstances/MI_ClearCoat_Opaque.uasset" 494
"../../../Engine/Plugins/Interchange/Assets/Content/gltf/MaterialInstances/MI_ClearCoat_Opaque.uexp" 495
"../../../Engine/Plugins/Interchange/Assets/Content/gltf/MaterialInstances/MI_ClearCoat_Opaque_DS.uasset" 496
"../../../Engine/Plugins/Interchange/Assets/Content/gltf/MaterialInstances/MI_ClearCoat_Opaque_DS.uexp" 497
"../../../Engine/Plugins/Interchange/Assets/Content/gltf/MaterialBodies/MF_Default_Body.uasset" 498
"../../../Engine/Plugins/Interchange/Assets/Content/gltf/MaterialBodies/MF_Default_Body.uexp" 499
"../../../Engine/Plugins/Interchange/Assets/Content/gltf/M_Default.uasset" 500
"../../../Engine/Plugins/Interchange/Assets/Content/gltf/M_Default.uexp" 501
"../../../Engine/Plugins/Interchange/Assets/Content/gltf/MaterialInstances/MI_Default_Blend.uasset" 502
"../../../Engine/Plugins/Interchange/Assets/Content/gltf/MaterialInstances/MI_Default_Blend.uexp" 503
"../../../Engine/Plugins/Interchange/Assets/Content/gltf/MaterialInstances/MI_Default_Blend_DS.uasset" 504
"../../../Engine/Plugins/Interchange/Assets/Content/gltf/MaterialInstances/MI_Default_Blend_DS.uexp" 505
"../../../Engine/Plugins/Interchange/Assets/Content/gltf/MaterialInstances/MI_Default_Mask.uasset" 506
"../../../Engine/Plugins/Interchange/Assets/Content/gltf/MaterialInstances/MI_Default_Mask.uexp" 507
"../../../Engine/Plugins/Interchange/Assets/Content/gltf/MaterialInstances/MI_Default_Mask_DS.uasset" 508
"../../../Engine/Plugins/Interchange/Assets/Content/gltf/MaterialInstances/MI_Default_Mask_DS.uexp" 509
"../../../Engine/Plugins/Interchange/Assets/Content/gltf/MaterialInstances/MI_Default_Opaque.uasset" 510
"../../../Engine/Plugins/Interchange/Assets/Content/gltf/MaterialInstances/MI_Default_Opaque.uexp" 511
"../../../Engine/Plugins/Interchange/Assets/Content/gltf/MaterialInstances/MI_Default_Opaque_DS.uasset" 512
"../../../Engine/Plugins/Interchange/Assets/Content/gltf/MaterialInstances/MI_Default_Opaque_DS.uexp" 513
"../../../Engine/Plugins/Interchange/Assets/Content/gltf/MaterialFunctions/MF_Sheen.uasset" 514
"../../../Engine/Plugins/Interchange/Assets/Content/gltf/MaterialFunctions/MF_Sheen.uexp" 515
"../../../Engine/Plugins/Interchange/Assets/Content/gltf/MaterialBodies/MF_Sheen_Body.uasset" 516
"../../../Engine/Plugins/Interchange/Assets/Content/gltf/MaterialBodies/MF_Sheen_Body.uexp" 517
"../../../Engine/Plugins/Interchange/Assets/Content/gltf/M_Sheen.uasset" 518
"../../../Engine/Plugins/Interchange/Assets/Content/gltf/M_Sheen.uexp" 519
"../../../Engine/Plugins/Interchange/Assets/Content/gltf/MaterialInstances/MI_Sheen_Blend.uasset" 520
"../../../Engine/Plugins/Interchange/Assets/Content/gltf/MaterialInstances/MI_Sheen_Blend.uexp" 521
"../../../Engine/Plugins/Interchange/Assets/Content/gltf/MaterialInstances/MI_Sheen_Blend_DS.uasset" 522
"../../../Engine/Plugins/Interchange/Assets/Content/gltf/MaterialInstances/MI_Sheen_Blend_DS.uexp" 523
"../../../Engine/Plugins/Interchange/Assets/Content/gltf/MaterialInstances/MI_Sheen_Mask.uasset" 524
"../../../Engine/Plugins/Interchange/Assets/Content/gltf/MaterialInstances/MI_Sheen_Mask.uexp" 525
"../../../Engine/Plugins/Interchange/Assets/Content/gltf/MaterialInstances/MI_Sheen_Mask_DS.uasset" 526
"../../../Engine/Plugins/Interchange/Assets/Content/gltf/MaterialInstances/MI_Sheen_Mask_DS.uexp" 527
"../../../Engine/Plugins/Interchange/Assets/Content/gltf/MaterialInstances/MI_Sheen_Opaque.uasset" 528
"../../../Engine/Plugins/Interchange/Assets/Content/gltf/MaterialInstances/MI_Sheen_Opaque.uexp" 529
"../../../Engine/Plugins/Interchange/Assets/Content/gltf/MaterialInstances/MI_Sheen_Opaque_DS.uasset" 530
"../../../Engine/Plugins/Interchange/Assets/Content/gltf/MaterialInstances/MI_Sheen_Opaque_DS.uexp" 531
"../../../Engine/Content/Functions/Engine_MaterialFunctions02/Math/AddComponents.uasset" 532
"../../../Engine/Content/Functions/Engine_MaterialFunctions02/Math/AddComponents.uexp" 533
"../../../Engine/Plugins/Interchange/Assets/Content/gltf/MaterialFunctions/MF_DiffuseSpecGloss.uasset" 534
"../../../Engine/Plugins/Interchange/Assets/Content/gltf/MaterialFunctions/MF_DiffuseSpecGloss.uexp" 535
"../../../Engine/Plugins/Interchange/Assets/Content/gltf/MaterialFunctions/MF_PerceivedBrightness.uasset" 536
"../../../Engine/Plugins/Interchange/Assets/Content/gltf/MaterialFunctions/MF_PerceivedBrightness.uexp" 537
"../../../Engine/Plugins/Interchange/Assets/Content/gltf/MaterialFunctions/MF_SpecGlossToMetalRoughness.uasset" 538
"../../../Engine/Plugins/Interchange/Assets/Content/gltf/MaterialFunctions/MF_SpecGlossToMetalRoughness.uexp" 539
"../../../Engine/Plugins/Interchange/Assets/Content/gltf/MaterialFunctions/MF_MaxComponentValue.uasset" 540
"../../../Engine/Plugins/Interchange/Assets/Content/gltf/MaterialFunctions/MF_MaxComponentValue.uexp" 541
"../../../Engine/Plugins/Interchange/Assets/Content/gltf/MaterialBodies/MF_SpecularGlossiness_Body.uasset" 542
"../../../Engine/Plugins/Interchange/Assets/Content/gltf/MaterialBodies/MF_SpecularGlossiness_Body.uexp" 543
"../../../Engine/Plugins/Interchange/Assets/Content/gltf/M_SpecularGlossiness.uasset" 544
"../../../Engine/Plugins/Interchange/Assets/Content/gltf/M_SpecularGlossiness.uexp" 545
"../../../Engine/Plugins/Interchange/Assets/Content/gltf/MaterialInstances/MI_SpecularGlossiness_Blend.uasset" 546
"../../../Engine/Plugins/Interchange/Assets/Content/gltf/MaterialInstances/MI_SpecularGlossiness_Blend.uexp" 547
"../../../Engine/Plugins/Interchange/Assets/Content/gltf/MaterialInstances/MI_SpecularGlossiness_Blend_DS.uasset" 548
"../../../Engine/Plugins/Interchange/Assets/Content/gltf/MaterialInstances/MI_SpecularGlossiness_Blend_DS.uexp" 549
"../../../Engine/Plugins/Interchange/Assets/Content/gltf/MaterialInstances/MI_SpecularGlossiness_Mask.uasset" 550
"../../../Engine/Plugins/Interchange/Assets/Content/gltf/MaterialInstances/MI_SpecularGlossiness_Mask.uexp" 551
"../../../Engine/Plugins/Interchange/Assets/Content/gltf/MaterialInstances/MI_SpecularGlossiness_Mask_DS.uasset" 552
"../../../Engine/Plugins/Interchange/Assets/Content/gltf/MaterialInstances/MI_SpecularGlossiness_Mask_DS.uexp" 553
"../../../Engine/Plugins/Interchange/Assets/Content/gltf/MaterialInstances/MI_SpecularGlossiness_Opaque.uasset" 554
"../../../Engine/Plugins/Interchange/Assets/Content/gltf/MaterialInstances/MI_SpecularGlossiness_Opaque.uexp" 555
"../../../Engine/Plugins/Interchange/Assets/Content/gltf/MaterialInstances/MI_SpecularGlossiness_Opaque_DS.uasset" 556
"../../../Engine/Plugins/Interchange/Assets/Content/gltf/MaterialInstances/MI_SpecularGlossiness_Opaque_DS.uexp" 557
"../../../Engine/Content/EngineMaterials/Good64x64TilingNoiseHighFreq.uasset" 558
"../../../Engine/Content/EngineMaterials/Good64x64TilingNoiseHighFreq.uexp" 559
"../../../Engine/Content/Functions/Engine_MaterialFunctions02/Texturing/ScreenAlignedPixelToPixelUVs.uasset" 560
"../../../Engine/Content/Functions/Engine_MaterialFunctions02/Texturing/ScreenAlignedPixelToPixelUVs.uexp" 561
"../../../Engine/Plugins/Interchange/Assets/Content/gltf/MaterialFunctions/MF_Temporal_Blur.uasset" 562
"../../../Engine/Plugins/Interchange/Assets/Content/gltf/MaterialFunctions/MF_Temporal_Blur.uexp" 563
"../../../Engine/Plugins/Interchange/Assets/Content/gltf/MaterialFunctions/MF_Fresnel_DS.uasset" 564
"../../../Engine/Plugins/Interchange/Assets/Content/gltf/MaterialFunctions/MF_Fresnel_DS.uexp" 565
"../../../Engine/Plugins/Interchange/Assets/Content/gltf/MaterialFunctions/MF_Transmission.uasset" 566
"../../../Engine/Plugins/Interchange/Assets/Content/gltf/MaterialFunctions/MF_Transmission.uexp" 567
"../../../Engine/Plugins/Interchange/Assets/Content/gltf/MaterialBodies/MF_Transmission_Body.uasset" 568
"../../../Engine/Plugins/Interchange/Assets/Content/gltf/MaterialBodies/MF_Transmission_Body.uexp" 569
"../../../Engine/Plugins/Interchange/Assets/Content/gltf/M_Transmission.uasset" 570
"../../../Engine/Plugins/Interchange/Assets/Content/gltf/M_Transmission.uexp" 571
"../../../Engine/Plugins/Interchange/Assets/Content/gltf/MaterialInstances/MI_Transmission.uasset" 572
"../../../Engine/Plugins/Interchange/Assets/Content/gltf/MaterialInstances/MI_Transmission.uexp" 573
"../../../Engine/Plugins/Interchange/Assets/Content/gltf/MaterialInstances/MI_Transmission_DS.uasset" 574
"../../../Engine/Plugins/Interchange/Assets/Content/gltf/MaterialInstances/MI_Transmission_DS.uexp" 575
"../../../Engine/Plugins/Interchange/Assets/Content/gltf/MaterialBodies/MF_Unlit_Body.uasset" 576
"../../../Engine/Plugins/Interchange/Assets/Content/gltf/MaterialBodies/MF_Unlit_Body.uexp" 577
"../../../Engine/Plugins/Interchange/Assets/Content/gltf/M_Unlit.uasset" 578
"../../../Engine/Plugins/Interchange/Assets/Content/gltf/M_Unlit.uexp" 579
"../../../Engine/Plugins/Interchange/Assets/Content/gltf/MaterialInstances/MI_Unlit_Blend.uasset" 580
"../../../Engine/Plugins/Interchange/Assets/Content/gltf/MaterialInstances/MI_Unlit_Blend.uexp" 581
"../../../Engine/Plugins/Interchange/Assets/Content/gltf/MaterialInstances/MI_Unlit_Blend_DS.uasset" 582
"../../../Engine/Plugins/Interchange/Assets/Content/gltf/MaterialInstances/MI_Unlit_Blend_DS.uexp" 583
"../../../Engine/Plugins/Interchange/Assets/Content/gltf/MaterialInstances/MI_Unlit_Mask.uasset" 584
"../../../Engine/Plugins/Interchange/Assets/Content/gltf/MaterialInstances/MI_Unlit_Mask.uexp" 585
"../../../Engine/Plugins/Interchange/Assets/Content/gltf/MaterialInstances/MI_Unlit_Mask_DS.uasset" 586
"../../../Engine/Plugins/Interchange/Assets/Content/gltf/MaterialInstances/MI_Unlit_Mask_DS.uexp" 587
"../../../Engine/Plugins/Interchange/Assets/Content/gltf/MaterialInstances/MI_Unlit_Opaque.uasset" 588
"../../../Engine/Plugins/Interchange/Assets/Content/gltf/MaterialInstances/MI_Unlit_Opaque.uexp" 589
"../../../Engine/Plugins/Interchange/Assets/Content/gltf/MaterialInstances/MI_Unlit_Opaque_DS.uasset" 590
"../../../Engine/Plugins/Interchange/Assets/Content/gltf/MaterialInstances/MI_Unlit_Opaque_DS.uexp" 591
"E:/GameDev/Games/BrickedUp/Bricked-Up/Content/Abilities/Drops/AbilityDropUpgrade_Mat.uasset" 592
"E:/GameDev/Games/BrickedUp/Bricked-Up/Content/Abilities/Drops/AbilityDropUpgrade_Mat.uexp" 593
"E:/GameDev/Games/BrickedUp/Bricked-Up/Content/Abilities/Drops/AbilityDrop.ubulk" 594
"E:/GameDev/Games/BrickedUp/Bricked-Up/Content/Abilities/Drops/AbilityDrop.uasset" 595
"E:/GameDev/Games/BrickedUp/Bricked-Up/Content/Abilities/Drops/AbilityDrop.uexp" 596
"../../../Engine/Content/Functions/Engine_MaterialFunctions02/Texturing/CustomRotator.uasset" 597
"../../../Engine/Content/Functions/Engine_MaterialFunctions02/Texturing/CustomRotator.uexp" 598
"../../../Engine/Content/Functions/Engine_MaterialFunctions01/Texturing/ScaleUVsByCenter.uasset" 599
"../../../Engine/Content/Functions/Engine_MaterialFunctions01/Texturing/ScaleUVsByCenter.uexp" 600
"../../../Engine/Content/Functions/Engine_MaterialFunctions01/Gradient/GeneratedRoundRect.uasset" 601
"../../../Engine/Content/Functions/Engine_MaterialFunctions01/Gradient/GeneratedRoundRect.uexp" 602
"../../../Engine/Content/Functions/Engine_MaterialFunctions01/Gradient/SphereGradient-2D.uasset" 603
"../../../Engine/Content/Functions/Engine_MaterialFunctions01/Gradient/SphereGradient-2D.uexp" 604
"../../../Engine/Plugins/Runtime/AudioWidgets/Content/AudioMaterialSlate/Functions/MF_DotOutlined.uasset" 605
"../../../Engine/Plugins/Runtime/AudioWidgets/Content/AudioMaterialSlate/Functions/MF_DotOutlined.uexp" 606
"../../../Engine/Plugins/Runtime/AudioWidgets/Content/AudioMaterialSlate/M_AudioMaterialEnvelope_ADSR.uasset" 607
"../../../Engine/Plugins/Runtime/AudioWidgets/Content/AudioMaterialSlate/M_AudioMaterialEnvelope_ADSR.uexp" 608
"../../../Engine/Plugins/Runtime/AudioWidgets/Content/AudioMaterialSlate/MI_AudioMaterialEnvelope_ADSR.uasset" 609
"../../../Engine/Plugins/Runtime/AudioWidgets/Content/AudioMaterialSlate/MI_AudioMaterialEnvelope_ADSR.uexp" 610
"../../../Engine/Plugins/Runtime/AudioWidgets/Content/AudioMaterialSlate/Functions/MF_SingleLine_Smooth.uasset" 611
"../../../Engine/Plugins/Runtime/AudioWidgets/Content/AudioMaterialSlate/Functions/MF_SingleLine_Smooth.uexp" 612
"../../../Engine/Plugins/Runtime/AudioWidgets/Content/AudioMaterialSlate/Functions/MF_AngleGradient.uasset" 613
"../../../Engine/Plugins/Runtime/AudioWidgets/Content/AudioMaterialSlate/Functions/MF_AngleGradient.uexp" 614
"../../../Engine/Content/Functions/Engine_MaterialFunctions02/Lerp_3Color.uasset" 615
"../../../Engine/Content/Functions/Engine_MaterialFunctions02/Lerp_3Color.uexp" 616
"../../../Engine/Plugins/Runtime/AudioWidgets/Content/AudioMaterialSlate/M_AudioMaterialKnob.uasset" 617
"../../../Engine/Plugins/Runtime/AudioWidgets/Content/AudioMaterialSlate/M_AudioMaterialKnob.uexp" 618
"../../../Engine/Plugins/Runtime/AudioWidgets/Content/AudioMaterialSlate/MI_AudioMaterialKnob.uasset" 619
"../../../Engine/Plugins/Runtime/AudioWidgets/Content/AudioMaterialSlate/MI_AudioMaterialKnob.uexp" 620
"../../../Engine/Plugins/Runtime/AudioWidgets/Content/AudioMaterialSlate/Functions/MF_Lines.uasset" 621
"../../../Engine/Plugins/Runtime/AudioWidgets/Content/AudioMaterialSlate/Functions/MF_Lines.uexp" 622
"../../../Engine/Plugins/Runtime/AudioWidgets/Content/AudioMaterialSlate/M_AudioMaterialMeter.uasset" 623
"../../../Engine/Plugins/Runtime/AudioWidgets/Content/AudioMaterialSlate/M_AudioMaterialMeter.uexp" 624
"../../../Engine/Plugins/Runtime/AudioWidgets/Content/AudioMaterialSlate/MI_AudioMaterialMeter.uasset" 625
"../../../Engine/Plugins/Runtime/AudioWidgets/Content/AudioMaterialSlate/MI_AudioMaterialMeter.uexp" 626
"../../../Engine/Plugins/Runtime/AudioWidgets/Content/AudioMaterialSlate/M_AudioMaterialRoundedSlider.uasset" 627
"../../../Engine/Plugins/Runtime/AudioWidgets/Content/AudioMaterialSlate/M_AudioMaterialRoundedSlider.uexp" 628
"../../../Engine/Plugins/Runtime/AudioWidgets/Content/AudioMaterialSlate/MI_AudioMaterialRoundedSlider.uasset" 629
"../../../Engine/Plugins/Runtime/AudioWidgets/Content/AudioMaterialSlate/MI_AudioMaterialRoundedSlider.uexp" 630
"../../../Engine/Plugins/Runtime/AudioWidgets/Content/AudioMaterialSlate/Functions/MF_SingleLine.uasset" 631
"../../../Engine/Plugins/Runtime/AudioWidgets/Content/AudioMaterialSlate/Functions/MF_SingleLine.uexp" 632
"../../../Engine/Plugins/Runtime/AudioWidgets/Content/AudioMaterialSlate/M_AudioMaterialToggleButton.uasset" 633
"../../../Engine/Plugins/Runtime/AudioWidgets/Content/AudioMaterialSlate/M_AudioMaterialToggleButton.uexp" 634
"../../../Engine/Plugins/Runtime/AudioWidgets/Content/AudioMaterialSlate/MI_AudioMaterialToggleButton.uasset" 635
"../../../Engine/Plugins/Runtime/AudioWidgets/Content/AudioMaterialSlate/MI_AudioMaterialToggleButton.uexp" 636
"../../../Engine/Content/EngineMaterials/DefaultMaterial.uasset" 637
"../../../Engine/Content/EngineMaterials/DefaultMaterial.uexp" 638
"../../../Engine/Content/BasicShapes/Cone.ubulk" 639
"../../../Engine/Content/BasicShapes/Cone.uasset" 640
"../../../Engine/Content/BasicShapes/Cone.uexp" 641
"../../../Engine/Content/BasicShapes/Cube.ubulk" 642
"../../../Engine/Content/BasicShapes/Cube.uasset" 643
"../../../Engine/Content/BasicShapes/Cube.uexp" 644
"../../../Engine/Content/BasicShapes/Cylinder.ubulk" 645
"../../../Engine/Content/BasicShapes/Cylinder.uasset" 646
"../../../Engine/Content/BasicShapes/Cylinder.uexp" 647
"../../../Engine/Content/BasicShapes/Plane.ubulk" 648
"../../../Engine/Content/BasicShapes/Plane.uasset" 649
"../../../Engine/Content/BasicShapes/Plane.uexp" 650
"../../../Engine/Content/BasicShapes/Sphere.ubulk" 651
"../../../Engine/Content/BasicShapes/Sphere.uasset" 652
"../../../Engine/Content/BasicShapes/Sphere.uexp" 653
"../../../Engine/Content/EditorLandscapeResources/SplineEditorMeshMat.uasset" 654
"../../../Engine/Content/EditorLandscapeResources/SplineEditorMeshMat.uexp" 655
"../../../Engine/Content/EditorLandscapeResources/SplineEditorMesh.ubulk" 656
"../../../Engine/Content/EditorLandscapeResources/SplineEditorMesh.uasset" 657
"../../../Engine/Content/EditorLandscapeResources/SplineEditorMesh.uexp" 658
"../../../Engine/Content/EngineMaterials/WeightMapPlaceholderTexture.uasset" 659
"../../../Engine/Content/EngineMaterials/WeightMapPlaceholderTexture.uexp" 660
"../../../Engine/Content/EngineMaterials/WeightMapArrayPlaceholderTexture.uasset" 661
"../../../Engine/Content/EngineMaterials/WeightMapArrayPlaceholderTexture.uexp" 662
"../../../Engine/Content/EngineResources/WhiteSquareTexture.uasset" 663
"../../../Engine/Content/EngineResources/WhiteSquareTexture.uexp" 664
"../../../Engine/Content/EngineMaterials/Widget3DPassThrough.uasset" 665
"../../../Engine/Content/EngineMaterials/Widget3DPassThrough.uexp" 666
"../../../Engine/Content/EngineMaterials/Widget3DPassThrough_Masked.uasset" 667
"../../../Engine/Content/EngineMaterials/Widget3DPassThrough_Masked.uexp" 668
"../../../Engine/Content/EngineMaterials/Widget3DPassThrough_Opaque.uasset" 669
"../../../Engine/Content/EngineMaterials/Widget3DPassThrough_Opaque.uexp" 670
"../../../Engine/Content/EngineMaterials/Widget3DPassThrough_Masked_OneSided.uasset" 671
"../../../Engine/Content/EngineMaterials/Widget3DPassThrough_Masked_OneSided.uexp" 672
"../../../Engine/Content/EngineMaterials/Widget3DPassThrough_Opaque_OneSided.uasset" 673
"../../../Engine/Content/EngineMaterials/Widget3DPassThrough_Opaque_OneSided.uexp" 674
"../../../Engine/Content/EngineMaterials/Widget3DPassThrough_Translucent.uasset" 675
"../../../Engine/Content/EngineMaterials/Widget3DPassThrough_Translucent.uexp" 676
"../../../Engine/Content/EngineMaterials/Widget3DPassThrough_Translucent_OneSided.uasset" 677
"../../../Engine/Content/EngineMaterials/Widget3DPassThrough_Translucent_OneSided.uexp" 678
"../../../Engine/Content/VREditor/TransformGizmo/StartRotationHandleIndicator.ubulk" 679
"../../../Engine/Content/VREditor/TransformGizmo/StartRotationHandleIndicator.uasset" 680
"../../../Engine/Content/VREditor/TransformGizmo/StartRotationHandleIndicator.uexp" 681
"../../../Engine/Content/VREditor/Sounds/UI/Drop_Item_From_ContentBrowser.ubulk" 682
"../../../Engine/Content/VREditor/Sounds/UI/Drop_Item_From_ContentBrowser.uasset" 683
"../../../Engine/Content/VREditor/Sounds/UI/Drop_Item_From_ContentBrowser.uexp" 684
"../../../Engine/Content/VREditor/TransformGizmo/PlaneTranslationHandle.ubulk" 685
"../../../Engine/Content/VREditor/TransformGizmo/PlaneTranslationHandle.uasset" 686
"../../../Engine/Content/VREditor/TransformGizmo/PlaneTranslationHandle.uexp" 687
"../../../Engine/Content/VREditor/Sounds/UI/Object_Snaps_To_Grid.ubulk" 688
"../../../Engine/Content/VREditor/Sounds/UI/Object_Snaps_To_Grid.uasset" 689
"../../../Engine/Content/VREditor/Sounds/UI/Object_Snaps_To_Grid.uexp" 690
"../../../Engine/Content/VREditor/Sounds/UI/Selection_Changes.ubulk" 691
"../../../Engine/Content/VREditor/Sounds/UI/Selection_Changes.uasset" 692
"../../../Engine/Content/VREditor/Sounds/UI/Selection_Changes.uexp" 693
"../../../Engine/Content/VREditor/Sounds/UI/Object_Snaps_To_Another_Actor.ubulk" 694
"../../../Engine/Content/VREditor/Sounds/UI/Object_Snaps_To_Another_Actor.uasset" 695
"../../../Engine/Content/VREditor/Sounds/UI/Object_Snaps_To_Another_Actor.uexp" 696
"../../../Engine/Content/VREditor/TransformGizmo/TranslucentTransformGizmoMaterial_Inst.uasset" 697
"../../../Engine/Content/VREditor/TransformGizmo/TranslucentTransformGizmoMaterial_Inst.uexp" 698
"../../../Engine/Content/VREditor/TransformGizmo/TransformGizmoFreeRotation.ubulk" 699
"../../../Engine/Content/VREditor/TransformGizmo/TransformGizmoFreeRotation.uasset" 700
"../../../Engine/Content/VREditor/TransformGizmo/TransformGizmoFreeRotation.uexp" 701
"../../../Engine/Content/VREditor/Sounds/UI/Scaling_Down.ubulk" 702
"../../../Engine/Content/VREditor/Sounds/UI/Scaling_Down.uasset" 703
"../../../Engine/Content/VREditor/Sounds/UI/Scaling_Down.uexp" 704
"../../../Engine/Content/Functions/Engine_MaterialFunctions02/SplitComponents.uasset" 705
"../../../Engine/Content/Functions/Engine_MaterialFunctions02/SplitComponents.uexp" 706
"../../../Engine/Content/VREditor/SnapGrid/SnapGridMaterial.uasset" 707
"../../../Engine/Content/VREditor/SnapGrid/SnapGridMaterial.uexp" 708
"../../../Engine/Content/VREditor/SnapGrid/SnapGridPlaneMesh.ubulk" 709
"../../../Engine/Content/VREditor/SnapGrid/SnapGridPlaneMesh.uasset" 710
"../../../Engine/Content/VREditor/SnapGrid/SnapGridPlaneMesh.uexp" 711
"../../../Engine/Content/VREditor/Sounds/UI/Scaling_Up.ubulk" 712
"../../../Engine/Content/VREditor/Sounds/UI/Scaling_Up.uasset" 713
"../../../Engine/Content/VREditor/Sounds/UI/Scaling_Up.uexp" 714
"../../../Engine/Content/VREditor/TransformGizmo/TransformGizmoMaterial_Inst.uasset" 715
"../../../Engine/Content/VREditor/TransformGizmo/TransformGizmoMaterial_Inst.uexp" 716
"../../../Engine/Content/VREditor/Sounds/UI/Gizmo_Handle_Clicked.ubulk" 717
"../../../Engine/Content/VREditor/Sounds/UI/Gizmo_Handle_Clicked.uasset" 718
"../../../Engine/Content/VREditor/Sounds/UI/Gizmo_Handle_Clicked.uexp" 719
"../../../Engine/Content/VREditor/TransformGizmo/RotationHandleQuarter.ubulk" 720
"../../../Engine/Content/VREditor/TransformGizmo/RotationHandleQuarter.uasset" 721
"../../../Engine/Content/VREditor/TransformGizmo/RotationHandleQuarter.uexp" 722
"../../../Engine/Content/VREditor/TransformGizmo/TranslateArrowHandle.ubulk" 723
"../../../Engine/Content/VREditor/TransformGizmo/TranslateArrowHandle.uasset" 724
"../../../Engine/Content/VREditor/TransformGizmo/TranslateArrowHandle.uexp" 725
"../../../Engine/Content/VREditor/TransformGizmo/RotationHandleIndicator.ubulk" 726
"../../../Engine/Content/VREditor/TransformGizmo/RotationHandleIndicator.uasset" 727
"../../../Engine/Content/VREditor/TransformGizmo/RotationHandleIndicator.uexp" 728
"../../../Engine/Content/VREditor/TransformGizmo/UniformScaleHandle.ubulk" 729
"../../../Engine/Content/VREditor/TransformGizmo/UniformScaleHandle.uasset" 730
"../../../Engine/Content/VREditor/TransformGizmo/UniformScaleHandle.uexp" 731
"../../../Engine/Content/VREditor/TransformGizmo/RotationHandleFull.ubulk" 732
"../../../Engine/Content/VREditor/TransformGizmo/RotationHandleFull.uasset" 733
"../../../Engine/Content/VREditor/TransformGizmo/RotationHandleFull.uexp" 734
"../../../Engine/Content/VREditor/Sounds/UI/Object_PickUp.ubulk" 735
"../../../Engine/Content/VREditor/Sounds/UI/Object_PickUp.uasset" 736
"../../../Engine/Content/VREditor/Sounds/UI/Object_PickUp.uexp" 737
"../../../Engine/Plugins/Animation/ControlRig/Content/Controls/ControlRig_Arrow2_1mm.ubulk" 738
"../../../Engine/Plugins/Animation/ControlRig/Content/Controls/ControlRig_Arrow2_1mm.uasset" 739
"../../../Engine/Plugins/Animation/ControlRig/Content/Controls/ControlRig_Arrow2_1mm.uexp" 740
"../../../Engine/Plugins/Animation/ControlRig/Content/Controls/ControlRig_Arrow2_3mm.ubulk" 741
"../../../Engine/Plugins/Animation/ControlRig/Content/Controls/ControlRig_Arrow2_3mm.uasset" 742
"../../../Engine/Plugins/Animation/ControlRig/Content/Controls/ControlRig_Arrow2_3mm.uexp" 743
"../../../Engine/Plugins/Animation/ControlRig/Content/Controls/ControlRig_Arrow2_solid.ubulk" 744
"../../../Engine/Plugins/Animation/ControlRig/Content/Controls/ControlRig_Arrow2_solid.uasset" 745
"../../../Engine/Plugins/Animation/ControlRig/Content/Controls/ControlRig_Arrow2_solid.uexp" 746
"../../../Engine/Plugins/Animation/ControlRig/Content/Controls/ControlRig_Arrow4_1mm.ubulk" 747
"../../../Engine/Plugins/Animation/ControlRig/Content/Controls/ControlRig_Arrow4_1mm.uasset" 748
"../../../Engine/Plugins/Animation/ControlRig/Content/Controls/ControlRig_Arrow4_1mm.uexp" 749
"../../../Engine/Plugins/Animation/ControlRig/Content/Controls/ControlRig_Arrow4_3mm.ubulk" 750
"../../../Engine/Plugins/Animation/ControlRig/Content/Controls/ControlRig_Arrow4_3mm.uasset" 751
"../../../Engine/Plugins/Animation/ControlRig/Content/Controls/ControlRig_Arrow4_3mm.uexp" 752
"../../../Engine/Plugins/Animation/ControlRig/Content/Controls/ControlRig_Arrow4_solid.ubulk" 753
"../../../Engine/Plugins/Animation/ControlRig/Content/Controls/ControlRig_Arrow4_solid.uasset" 754
"../../../Engine/Plugins/Animation/ControlRig/Content/Controls/ControlRig_Arrow4_solid.uexp" 755
"../../../Engine/Plugins/Animation/ControlRig/Content/Controls/ControlRig_Arrow_1mm.ubulk" 756
"../../../Engine/Plugins/Animation/ControlRig/Content/Controls/ControlRig_Arrow_1mm.uasset" 757
"../../../Engine/Plugins/Animation/ControlRig/Content/Controls/ControlRig_Arrow_1mm.uexp" 758
"../../../Engine/Plugins/Animation/ControlRig/Content/Controls/ControlRig_Arrow_3mm.ubulk" 759
"../../../Engine/Plugins/Animation/ControlRig/Content/Controls/ControlRig_Arrow_3mm.uasset" 760
"../../../Engine/Plugins/Animation/ControlRig/Content/Controls/ControlRig_Arrow_3mm.uexp" 761
"../../../Engine/Plugins/Animation/ControlRig/Content/Controls/ControlRig_Arrow_solid.ubulk" 762
"../../../Engine/Plugins/Animation/ControlRig/Content/Controls/ControlRig_Arrow_solid.uasset" 763
"../../../Engine/Plugins/Animation/ControlRig/Content/Controls/ControlRig_Arrow_solid.uexp" 764
"../../../Engine/Plugins/Animation/ControlRig/Content/Controls/ControlRig_Box_1mm.ubulk" 765
"../../../Engine/Plugins/Animation/ControlRig/Content/Controls/ControlRig_Box_1mm.uasset" 766
"../../../Engine/Plugins/Animation/ControlRig/Content/Controls/ControlRig_Box_1mm.uexp" 767
"../../../Engine/Plugins/Animation/ControlRig/Content/Controls/ControlRig_Box_3mm.ubulk" 768
"../../../Engine/Plugins/Animation/ControlRig/Content/Controls/ControlRig_Box_3mm.uasset" 769
"../../../Engine/Plugins/Animation/ControlRig/Content/Controls/ControlRig_Box_3mm.uexp" 770
"../../../Engine/Plugins/Animation/ControlRig/Content/Controls/ControlRig_Box_solid.ubulk" 771
"../../../Engine/Plugins/Animation/ControlRig/Content/Controls/ControlRig_Box_solid.uasset" 772
"../../../Engine/Plugins/Animation/ControlRig/Content/Controls/ControlRig_Box_solid.uexp" 773
"../../../Engine/Plugins/Animation/ControlRig/Content/Controls/ControlRig_Circle_1mm.ubulk" 774
"../../../Engine/Plugins/Animation/ControlRig/Content/Controls/ControlRig_Circle_1mm.uasset" 775
"../../../Engine/Plugins/Animation/ControlRig/Content/Controls/ControlRig_Circle_1mm.uexp" 776
"../../../Engine/Plugins/Animation/ControlRig/Content/Controls/ControlRig_Circle_3mm.ubulk" 777
"../../../Engine/Plugins/Animation/ControlRig/Content/Controls/ControlRig_Circle_3mm.uasset" 778
"../../../Engine/Plugins/Animation/ControlRig/Content/Controls/ControlRig_Circle_3mm.uexp" 779
"../../../Engine/Plugins/Animation/ControlRig/Content/Controls/ControlRig_Circle_solid.ubulk" 780
"../../../Engine/Plugins/Animation/ControlRig/Content/Controls/ControlRig_Circle_solid.uasset" 781
"../../../Engine/Plugins/Animation/ControlRig/Content/Controls/ControlRig_Circle_solid.uexp" 782
"../../../Engine/Plugins/Animation/ControlRig/Content/Controls/ControlRig_Diamond_1mm.ubulk" 783
"../../../Engine/Plugins/Animation/ControlRig/Content/Controls/ControlRig_Diamond_1mm.uasset" 784
"../../../Engine/Plugins/Animation/ControlRig/Content/Controls/ControlRig_Diamond_1mm.uexp" 785
"../../../Engine/Plugins/Animation/ControlRig/Content/Controls/ControlRig_Diamond_3mm.ubulk" 786
"../../../Engine/Plugins/Animation/ControlRig/Content/Controls/ControlRig_Diamond_3mm.uasset" 787
"../../../Engine/Plugins/Animation/ControlRig/Content/Controls/ControlRig_Diamond_3mm.uexp" 788
"../../../Engine/Plugins/Animation/ControlRig/Content/Controls/ControlRig_Diamond_solid.ubulk" 789
"../../../Engine/Plugins/Animation/ControlRig/Content/Controls/ControlRig_Diamond_solid.uasset" 790
"../../../Engine/Plugins/Animation/ControlRig/Content/Controls/ControlRig_Diamond_solid.uexp" 791
"../../../Engine/Plugins/Animation/ControlRig/Content/Controls/ControlRig_HalfCircle_1mm.ubulk" 792
"../../../Engine/Plugins/Animation/ControlRig/Content/Controls/ControlRig_HalfCircle_1mm.uasset" 793
"../../../Engine/Plugins/Animation/ControlRig/Content/Controls/ControlRig_HalfCircle_1mm.uexp" 794
"../../../Engine/Plugins/Animation/ControlRig/Content/Controls/ControlRig_HalfCircle_3mm.ubulk" 795
"../../../Engine/Plugins/Animation/ControlRig/Content/Controls/ControlRig_HalfCircle_3mm.uasset" 796
"../../../Engine/Plugins/Animation/ControlRig/Content/Controls/ControlRig_HalfCircle_3mm.uexp" 797
"../../../Engine/Plugins/Animation/ControlRig/Content/Controls/ControlRig_HalfCircle_solid.ubulk" 798
"../../../Engine/Plugins/Animation/ControlRig/Content/Controls/ControlRig_HalfCircle_solid.uasset" 799
"../../../Engine/Plugins/Animation/ControlRig/Content/Controls/ControlRig_HalfCircle_solid.uexp" 800
"../../../Engine/Plugins/Animation/ControlRig/Content/Controls/ControlRig_Hexagon_1mm.ubulk" 801
"../../../Engine/Plugins/Animation/ControlRig/Content/Controls/ControlRig_Hexagon_1mm.uasset" 802
"../../../Engine/Plugins/Animation/ControlRig/Content/Controls/ControlRig_Hexagon_1mm.uexp" 803
"../../../Engine/Plugins/Animation/ControlRig/Content/Controls/ControlRig_Hexagon_3mm.ubulk" 804
"../../../Engine/Plugins/Animation/ControlRig/Content/Controls/ControlRig_Hexagon_3mm.uasset" 805
"../../../Engine/Plugins/Animation/ControlRig/Content/Controls/ControlRig_Hexagon_3mm.uexp" 806
"../../../Engine/Plugins/Animation/ControlRig/Content/Controls/ControlRig_Hexagon_solid.ubulk" 807
"../../../Engine/Plugins/Animation/ControlRig/Content/Controls/ControlRig_Hexagon_solid.uasset" 808
"../../../Engine/Plugins/Animation/ControlRig/Content/Controls/ControlRig_Hexagon_solid.uexp" 809
"../../../Engine/Plugins/Animation/ControlRig/Content/Controls/ControlRig_Octagon_1mm.ubulk" 810
"../../../Engine/Plugins/Animation/ControlRig/Content/Controls/ControlRig_Octagon_1mm.uasset" 811
"../../../Engine/Plugins/Animation/ControlRig/Content/Controls/ControlRig_Octagon_1mm.uexp" 812
"../../../Engine/Plugins/Animation/ControlRig/Content/Controls/ControlRig_Octagon_3mm.ubulk" 813
"../../../Engine/Plugins/Animation/ControlRig/Content/Controls/ControlRig_Octagon_3mm.uasset" 814
"../../../Engine/Plugins/Animation/ControlRig/Content/Controls/ControlRig_Octagon_3mm.uexp" 815
"../../../Engine/Plugins/Animation/ControlRig/Content/Controls/ControlRig_Octagon_solid.ubulk" 816
"../../../Engine/Plugins/Animation/ControlRig/Content/Controls/ControlRig_Octagon_solid.uasset" 817
"../../../Engine/Plugins/Animation/ControlRig/Content/Controls/ControlRig_Octagon_solid.uexp" 818
"../../../Engine/Plugins/Animation/ControlRig/Content/Controls/ControlRig_Pyramid_1mm.ubulk" 819
"../../../Engine/Plugins/Animation/ControlRig/Content/Controls/ControlRig_Pyramid_1mm.uasset" 820
"../../../Engine/Plugins/Animation/ControlRig/Content/Controls/ControlRig_Pyramid_1mm.uexp" 821
"../../../Engine/Plugins/Animation/ControlRig/Content/Controls/ControlRig_Pyramid_3mm.ubulk" 822
"../../../Engine/Plugins/Animation/ControlRig/Content/Controls/ControlRig_Pyramid_3mm.uasset" 823
"../../../Engine/Plugins/Animation/ControlRig/Content/Controls/ControlRig_Pyramid_3mm.uexp" 824
"../../../Engine/Plugins/Animation/ControlRig/Content/Controls/ControlRig_Pyramid_solid.ubulk" 825
"../../../Engine/Plugins/Animation/ControlRig/Content/Controls/ControlRig_Pyramid_solid.uasset" 826
"../../../Engine/Plugins/Animation/ControlRig/Content/Controls/ControlRig_Pyramid_solid.uexp" 827
"../../../Engine/Plugins/Animation/ControlRig/Content/Controls/ControlRig_QuarterCircle_1mm.ubulk" 828
"../../../Engine/Plugins/Animation/ControlRig/Content/Controls/ControlRig_QuarterCircle_1mm.uasset" 829
"../../../Engine/Plugins/Animation/ControlRig/Content/Controls/ControlRig_QuarterCircle_1mm.uexp" 830
"../../../Engine/Plugins/Animation/ControlRig/Content/Controls/ControlRig_QuarterCircle_3mm.ubulk" 831
"../../../Engine/Plugins/Animation/ControlRig/Content/Controls/ControlRig_QuarterCircle_3mm.uasset" 832
"../../../Engine/Plugins/Animation/ControlRig/Content/Controls/ControlRig_QuarterCircle_3mm.uexp" 833
"../../../Engine/Plugins/Animation/ControlRig/Content/Controls/ControlRig_QuarterCircle_solid.ubulk" 834
"../../../Engine/Plugins/Animation/ControlRig/Content/Controls/ControlRig_QuarterCircle_solid.uasset" 835
"../../../Engine/Plugins/Animation/ControlRig/Content/Controls/ControlRig_QuarterCircle_solid.uexp" 836
"../../../Engine/Plugins/Animation/ControlRig/Content/Controls/ControlRig_RoundedSquare_1mm.ubulk" 837
"../../../Engine/Plugins/Animation/ControlRig/Content/Controls/ControlRig_RoundedSquare_1mm.uasset" 838
"../../../Engine/Plugins/Animation/ControlRig/Content/Controls/ControlRig_RoundedSquare_1mm.uexp" 839
"../../../Engine/Plugins/Animation/ControlRig/Content/Controls/ControlRig_RoundedSquare_3mm.ubulk" 840
"../../../Engine/Plugins/Animation/ControlRig/Content/Controls/ControlRig_RoundedSquare_3mm.uasset" 841
"../../../Engine/Plugins/Animation/ControlRig/Content/Controls/ControlRig_RoundedSquare_3mm.uexp" 842
"../../../Engine/Plugins/Animation/ControlRig/Content/Controls/ControlRig_RoundedSquare_solid.ubulk" 843
"../../../Engine/Plugins/Animation/ControlRig/Content/Controls/ControlRig_RoundedSquare_solid.uasset" 844
"../../../Engine/Plugins/Animation/ControlRig/Content/Controls/ControlRig_RoundedSquare_solid.uexp" 845
"../../../Engine/Plugins/Animation/ControlRig/Content/Controls/ControlRig_RoundedTriangle_1mm.ubulk" 846
"../../../Engine/Plugins/Animation/ControlRig/Content/Controls/ControlRig_RoundedTriangle_1mm.uasset" 847
"../../../Engine/Plugins/Animation/ControlRig/Content/Controls/ControlRig_RoundedTriangle_1mm.uexp" 848
"../../../Engine/Plugins/Animation/ControlRig/Content/Controls/ControlRig_RoundedTriangle_3mm.ubulk" 849
"../../../Engine/Plugins/Animation/ControlRig/Content/Controls/ControlRig_RoundedTriangle_3mm.uasset" 850
"../../../Engine/Plugins/Animation/ControlRig/Content/Controls/ControlRig_RoundedTriangle_3mm.uexp" 851
"../../../Engine/Plugins/Animation/ControlRig/Content/Controls/ControlRig_RoundedTriangle_solid.ubulk" 852
"../../../Engine/Plugins/Animation/ControlRig/Content/Controls/ControlRig_RoundedTriangle_solid.uasset" 853
"../../../Engine/Plugins/Animation/ControlRig/Content/Controls/ControlRig_RoundedTriangle_solid.uexp" 854
"../../../Engine/Plugins/Animation/ControlRig/Content/Controls/ControlRig_Sphere_1mm.ubulk" 855
"../../../Engine/Plugins/Animation/ControlRig/Content/Controls/ControlRig_Sphere_1mm.uasset" 856
"../../../Engine/Plugins/Animation/ControlRig/Content/Controls/ControlRig_Sphere_1mm.uexp" 857
"../../../Engine/Plugins/Animation/ControlRig/Content/Controls/ControlRig_Sphere_3mm.ubulk" 858
"../../../Engine/Plugins/Animation/ControlRig/Content/Controls/ControlRig_Sphere_3mm.uasset" 859
"../../../Engine/Plugins/Animation/ControlRig/Content/Controls/ControlRig_Sphere_3mm.uexp" 860
"../../../Engine/Plugins/Animation/ControlRig/Content/Controls/ControlRig_Sphere_solid.ubulk" 861
"../../../Engine/Plugins/Animation/ControlRig/Content/Controls/ControlRig_Sphere_solid.uasset" 862
"../../../Engine/Plugins/Animation/ControlRig/Content/Controls/ControlRig_Sphere_solid.uexp" 863
"../../../Engine/Plugins/Animation/ControlRig/Content/Controls/ControlRig_Square_1mm.ubulk" 864
"../../../Engine/Plugins/Animation/ControlRig/Content/Controls/ControlRig_Square_1mm.uasset" 865
"../../../Engine/Plugins/Animation/ControlRig/Content/Controls/ControlRig_Square_1mm.uexp" 866
"../../../Engine/Plugins/Animation/ControlRig/Content/Controls/ControlRig_Square_3mm.ubulk" 867
"../../../Engine/Plugins/Animation/ControlRig/Content/Controls/ControlRig_Square_3mm.uasset" 868
"../../../Engine/Plugins/Animation/ControlRig/Content/Controls/ControlRig_Square_3mm.uexp" 869
"../../../Engine/Plugins/Animation/ControlRig/Content/Controls/ControlRig_Square_solid.ubulk" 870
"../../../Engine/Plugins/Animation/ControlRig/Content/Controls/ControlRig_Square_solid.uasset" 871
"../../../Engine/Plugins/Animation/ControlRig/Content/Controls/ControlRig_Square_solid.uexp" 872
"../../../Engine/Plugins/Animation/ControlRig/Content/Controls/ControlRig_Star4_1mm.ubulk" 873
"../../../Engine/Plugins/Animation/ControlRig/Content/Controls/ControlRig_Star4_1mm.uasset" 874
"../../../Engine/Plugins/Animation/ControlRig/Content/Controls/ControlRig_Star4_1mm.uexp" 875
"../../../Engine/Plugins/Animation/ControlRig/Content/Controls/ControlRig_Star4_3mm.ubulk" 876
"../../../Engine/Plugins/Animation/ControlRig/Content/Controls/ControlRig_Star4_3mm.uasset" 877
"../../../Engine/Plugins/Animation/ControlRig/Content/Controls/ControlRig_Star4_3mm.uexp" 878
"../../../Engine/Plugins/Animation/ControlRig/Content/Controls/ControlRig_Star4_solid.ubulk" 879
"../../../Engine/Plugins/Animation/ControlRig/Content/Controls/ControlRig_Star4_solid.uasset" 880
"../../../Engine/Plugins/Animation/ControlRig/Content/Controls/ControlRig_Star4_solid.uexp" 881
"../../../Engine/Plugins/Animation/ControlRig/Content/Controls/ControlRig_Triangle_1mm.ubulk" 882
"../../../Engine/Plugins/Animation/ControlRig/Content/Controls/ControlRig_Triangle_1mm.uasset" 883
"../../../Engine/Plugins/Animation/ControlRig/Content/Controls/ControlRig_Triangle_1mm.uexp" 884
"../../../Engine/Plugins/Animation/ControlRig/Content/Controls/ControlRig_Triangle_3mm.ubulk" 885
"../../../Engine/Plugins/Animation/ControlRig/Content/Controls/ControlRig_Triangle_3mm.uasset" 886
"../../../Engine/Plugins/Animation/ControlRig/Content/Controls/ControlRig_Triangle_3mm.uexp" 887
"../../../Engine/Plugins/Animation/ControlRig/Content/Controls/ControlRig_Triangle_solid.ubulk" 888
"../../../Engine/Plugins/Animation/ControlRig/Content/Controls/ControlRig_Triangle_solid.uasset" 889
"../../../Engine/Plugins/Animation/ControlRig/Content/Controls/ControlRig_Triangle_solid.uexp" 890
"../../../Engine/Plugins/Animation/ControlRig/Content/Controls/ControlRig_Wedge_1mm.ubulk" 891
"../../../Engine/Plugins/Animation/ControlRig/Content/Controls/ControlRig_Wedge_1mm.uasset" 892
"../../../Engine/Plugins/Animation/ControlRig/Content/Controls/ControlRig_Wedge_1mm.uexp" 893
"../../../Engine/Plugins/Animation/ControlRig/Content/Controls/ControlRig_Wedge_3mm.ubulk" 894
"../../../Engine/Plugins/Animation/ControlRig/Content/Controls/ControlRig_Wedge_3mm.uasset" 895
"../../../Engine/Plugins/Animation/ControlRig/Content/Controls/ControlRig_Wedge_3mm.uexp" 896
"../../../Engine/Plugins/Animation/ControlRig/Content/Controls/ControlRig_Wedge_solid.ubulk" 897
"../../../Engine/Plugins/Animation/ControlRig/Content/Controls/ControlRig_Wedge_solid.uasset" 898
"../../../Engine/Plugins/Animation/ControlRig/Content/Controls/ControlRig_Wedge_solid.uexp" 899
"../../../Engine/Plugins/2D/Paper2D/Content/DefaultSpriteMaterial.uasset" 900
"../../../Engine/Plugins/2D/Paper2D/Content/DefaultSpriteMaterial.uexp" 901
"../../../Engine/Plugins/2D/Paper2D/Content/MaskedUnlitSpriteMaterial.uasset" 902
"../../../Engine/Plugins/2D/Paper2D/Content/MaskedUnlitSpriteMaterial.uexp" 903
"../../../Engine/Plugins/2D/Paper2D/Content/OpaqueUnlitSpriteMaterial.uasset" 904
"../../../Engine/Plugins/2D/Paper2D/Content/OpaqueUnlitSpriteMaterial.uexp" 905
"../../../Engine/Plugins/Media/MediaPlate/Content/SM_MediaPlateScreen.ubulk" 906
"../../../Engine/Plugins/Media/MediaPlate/Content/SM_MediaPlateScreen.uasset" 907
"../../../Engine/Plugins/Media/MediaPlate/Content/SM_MediaPlateScreen.uexp" 908
"../../../Engine/Plugins/NNE/NNEDenoiser/Content/NNEDIM_ColorAlbedoNormal_Alpha.uasset" 909
"../../../Engine/Plugins/NNE/NNEDenoiser/Content/NNEDIM_ColorAlbedoNormal_Alpha.uexp" 910
"../../../Engine/Plugins/NNE/NNEDenoiser/Content/NNEDIM_ColorAlbedoNormal_Default.uasset" 911
"../../../Engine/Plugins/NNE/NNEDenoiser/Content/NNEDIM_ColorAlbedoNormal_Default.uexp" 912
"../../../Engine/Plugins/NNE/NNEDenoiser/Content/NNEDIM_HighQuality_Alpha.uasset" 913
"../../../Engine/Plugins/NNE/NNEDenoiser/Content/NNEDIM_HighQuality_Alpha.uexp" 914
"../../../Engine/Plugins/NNE/NNEDenoiser/Content/NNEDIM_HighQuality_Default.uasset" 915
"../../../Engine/Plugins/NNE/NNEDenoiser/Content/NNEDIM_HighQuality_Default.uexp" 916
"../../../Engine/Plugins/NNE/NNEDenoiser/Content/NNEDOM_Output_Alpha.uasset" 917
"../../../Engine/Plugins/NNE/NNEDenoiser/Content/NNEDOM_Output_Alpha.uexp" 918
"../../../Engine/Plugins/NNE/NNEDenoiser/Content/NNEDOM_Output_Default.uasset" 919
"../../../Engine/Plugins/NNE/NNEDenoiser/Content/NNEDOM_Output_Default.uexp" 920
"../../../Engine/Plugins/NNE/NNEDenoiser/Content/NNEDTIM_ColorAlbedoNormal_Alpha.uasset" 921
"../../../Engine/Plugins/NNE/NNEDenoiser/Content/NNEDTIM_ColorAlbedoNormal_Alpha.uexp" 922
"../../../Engine/Plugins/NNE/NNEDenoiser/Content/NNEDTIM_ColorAlbedoNormal_Default.uasset" 923
"../../../Engine/Plugins/NNE/NNEDenoiser/Content/NNEDTIM_ColorAlbedoNormal_Default.uexp" 924
"../../../Engine/Plugins/NNE/NNEDenoiser/Content/NNEDTOM_Output_Alpha.uasset" 925
"../../../Engine/Plugins/NNE/NNEDenoiser/Content/NNEDTOM_Output_Alpha.uexp" 926
"../../../Engine/Plugins/NNE/NNEDenoiser/Content/NNEDTOM_Output_Default.uasset" 927
"../../../Engine/Plugins/NNE/NNEDenoiser/Content/NNEDTOM_Output_Default.uexp" 928
"../../../Engine/Plugins/NNE/NNEDenoiser/Content/NNE_oidn2-3-0_rt_hdr_calb_cnrm_large__dyn__fp16_opset11_ForwardAlpha.uasset" 929
"../../../Engine/Plugins/NNE/NNEDenoiser/Content/NNE_oidn2-3-0_rt_hdr_calb_cnrm_large__dyn__fp16_opset11_ForwardAlpha.uexp" 930
"../../../Engine/Plugins/NNE/NNEDenoiser/Content/NNE_oidn2-3-0_rt_hdr_calb_cnrm_large__dyn__fp16_opset11_DenoiseAlpha.uasset" 931
"../../../Engine/Plugins/NNE/NNEDenoiser/Content/NNE_oidn2-3-0_rt_hdr_calb_cnrm_large__dyn__fp16_opset11_DenoiseAlpha.uexp" 932
"../../../Engine/Plugins/NNE/NNEDenoiser/Content/NNE_oidn2-3-0_rt_hdr_alb_nrm__dyn__fp16_opset11_ForwardAlpha.uasset" 933
"../../../Engine/Plugins/NNE/NNEDenoiser/Content/NNE_oidn2-3-0_rt_hdr_alb_nrm__dyn__fp16_opset11_ForwardAlpha.uexp" 934
"../../../Engine/Plugins/NNE/NNEDenoiser/Content/NNE_oidn2-3-0_rt_hdr_alb_nrm__dyn__fp16_opset11_DenoiseAlpha.uasset" 935
"../../../Engine/Plugins/NNE/NNEDenoiser/Content/NNE_oidn2-3-0_rt_hdr_alb_nrm__dyn__fp16_opset11_DenoiseAlpha.uexp" 936
"../../../Engine/Plugins/NNE/NNEDenoiser/Content/NNE_oidn2-3-0_rt_hdr_alb_nrm_small__dyn__fp16_opset11_ForwardAlpha.uasset" 937
"../../../Engine/Plugins/NNE/NNEDenoiser/Content/NNE_oidn2-3-0_rt_hdr_alb_nrm_small__dyn__fp16_opset11_ForwardAlpha.uexp" 938
"../../../Engine/Plugins/NNE/NNEDenoiser/Content/NNE_oidn2-3-0_rt_hdr_alb_nrm_small__dyn__fp16_opset11_DenoiseAlpha.uasset" 939
"../../../Engine/Plugins/NNE/NNEDenoiser/Content/NNE_oidn2-3-0_rt_hdr_alb_nrm_small__dyn__fp16_opset11_DenoiseAlpha.uexp" 940
"../../../Engine/Plugins/NNE/NNEDenoiser/Content/NNED_Oidn2-3_HighQuality_Alpha.uasset" 941
"../../../Engine/Plugins/NNE/NNEDenoiser/Content/NNED_Oidn2-3_HighQuality_Alpha.uexp" 942
"../../../Engine/Plugins/NNE/NNEDenoiser/Content/NNED_Oidn2-3_HighQuality.uasset" 943
"../../../Engine/Plugins/NNE/NNEDenoiser/Content/NNED_Oidn2-3_HighQuality.uexp" 944
"../../../Engine/Plugins/NNE/NNEDenoiser/Content/NNED_Oidn2-3_Fast_Alpha.uasset" 945
"../../../Engine/Plugins/NNE/NNEDenoiser/Content/NNED_Oidn2-3_Fast_Alpha.uexp" 946
"../../../Engine/Plugins/NNE/NNEDenoiser/Content/NNED_Oidn2-3_Fast.uasset" 947
"../../../Engine/Plugins/NNE/NNEDenoiser/Content/NNED_Oidn2-3_Fast.uexp" 948
"../../../Engine/Plugins/NNE/NNEDenoiser/Content/NNED_Oidn2-3_Balanced_Alpha.uasset" 949
"../../../Engine/Plugins/NNE/NNEDenoiser/Content/NNED_Oidn2-3_Balanced_Alpha.uexp" 950
"../../../Engine/Plugins/NNE/NNEDenoiser/Content/NNED_Oidn2-3_Balanced.uasset" 951
"../../../Engine/Plugins/NNE/NNEDenoiser/Content/NNED_Oidn2-3_Balanced.uexp" 952
"../../../Engine/Plugins/NNE/NNEDenoiser/Content/NNEDT_Oidn2-3_Balanced_Alpha.uasset" 953
"../../../Engine/Plugins/NNE/NNEDenoiser/Content/NNEDT_Oidn2-3_Balanced_Alpha.uexp" 954
"../../../Engine/Plugins/NNE/NNEDenoiser/Content/NNEDT_Oidn2-3_Balanced.uasset" 955
"../../../Engine/Plugins/NNE/NNEDenoiser/Content/NNEDT_Oidn2-3_Balanced.uexp" 956
"../../../Engine/Plugins/Animation/DeformerGraph/Content/Deformers/DG_LinearBlendSkin_Morph_Cloth_RecomputeNormals.uasset" 957
"../../../Engine/Plugins/Animation/DeformerGraph/Content/Deformers/DG_LinearBlendSkin_Morph_Cloth_RecomputeNormals.uexp" 958
"../../../Engine/Plugins/Animation/DeformerGraph/Content/Deformers/DG_LinearBlendSkin_Morph_Cloth.uasset" 959
"../../../Engine/Plugins/Animation/DeformerGraph/Content/Deformers/DG_LinearBlendSkin_Morph_Cloth.uexp" 960
"../../../Engine/Plugins/Animation/DeformerGraph/Content/DeformerFunctions/DG_Function_LinearBlendSkin_Morph_Cloth_PositionOnly.uasset" 961
"../../../Engine/Plugins/Animation/DeformerGraph/Content/DeformerFunctions/DG_Function_LinearBlendSkin_Morph_Cloth_PositionOnly.uexp" 962
"../../../Engine/Plugins/Animation/DeformerGraph/Content/DeformerFunctions/DG_Function_LinearBlendSkin_Morph_Cloth.uasset" 963
"../../../Engine/Plugins/Animation/DeformerGraph/Content/DeformerFunctions/DG_Function_LinearBlendSkin_Morph_Cloth.uexp" 964
"../../../Engine/Plugins/Animation/DeformerGraph/Content/DeformerFunctions/DG_Function_ComputeNormalsTangents.uasset" 965
"../../../Engine/Plugins/Animation/DeformerGraph/Content/DeformerFunctions/DG_Function_ComputeNormalsTangents.uexp" 966
"../../../Engine/Content/EngineResources/LandscapeVisibilityLayerInfo.uasset" 967
"../../../Engine/Content/EngineResources/LandscapeVisibilityLayerInfo.uexp" 968
"E:/GameDev/Games/BrickedUp/Bricked-Up/Content/Shared/BP_BUGameInstance.uasset" 969
"E:/GameDev/Games/BrickedUp/Bricked-Up/Content/Shared/BP_BUGameInstance.uexp" 970
"E:/GameDev/Games/BrickedUp/Bricked-Up/Content/Widgets/ButtonHover.ubulk" 971
"E:/GameDev/Games/BrickedUp/Bricked-Up/Content/Widgets/ButtonHover.uasset" 972
"E:/GameDev/Games/BrickedUp/Bricked-Up/Content/Widgets/ButtonHover.uexp" 973
"../../../Engine/Content/EngineSounds/Master.uasset" 974
"../../../Engine/Content/EngineSounds/Master.uexp" 975
"E:/GameDev/Games/BrickedUp/Bricked-Up/Content/Widgets/Images/MenuButton.uasset" 976
"E:/GameDev/Games/BrickedUp/Bricked-Up/Content/Widgets/Images/MenuButton.uexp" 977
"E:/GameDev/Games/BrickedUp/Bricked-Up/Content/Widgets/ButtonPress.ubulk" 978
"E:/GameDev/Games/BrickedUp/Bricked-Up/Content/Widgets/ButtonPress.uasset" 979
"E:/GameDev/Games/BrickedUp/Bricked-Up/Content/Widgets/ButtonPress.uexp" 980
"E:/GameDev/Games/BrickedUp/Bricked-Up/Content/Shared/Fonts/MidnightLettersItalic-aYV6m.uexp" 981
"E:/GameDev/Games/BrickedUp/Bricked-Up/Content/Shared/Fonts/MidnightLettersItalic-aYV6m.uasset" 982
"E:/GameDev/Games/BrickedUp/Bricked-Up/Content/Shared/Fonts/MidnightLettersItalic-aYV6m.ufont" 983
"E:/GameDev/Games/BrickedUp/Bricked-Up/Content/Shared/Fonts/MidnightLetters-WpO6G.uexp" 984
"E:/GameDev/Games/BrickedUp/Bricked-Up/Content/Shared/Fonts/MidnightLetters-WpO6G.uasset" 985
"E:/GameDev/Games/BrickedUp/Bricked-Up/Content/Shared/Fonts/MidnightLetters-WpO6G.ufont" 986
"E:/GameDev/Games/BrickedUp/Bricked-Up/Content/Shared/Fonts/MidnightLetters-WpO6G_Font.uasset" 987
"E:/GameDev/Games/BrickedUp/Bricked-Up/Content/Shared/Fonts/MidnightLetters-WpO6G_Font.uexp" 988
"../../../Engine/Content/EngineFonts/Faces/RobotoLight.uexp" 989
"../../../Engine/Content/EngineFonts/Faces/RobotoLight.uasset" 990
"../../../Engine/Content/EngineFonts/Faces/RobotoLight.ufont" 991
"../../../Engine/Content/EngineFonts/Faces/RobotoBold.uexp" 992
"../../../Engine/Content/EngineFonts/Faces/RobotoBold.uasset" 993
"../../../Engine/Content/EngineFonts/Faces/RobotoBold.ufont" 994
"../../../Engine/Content/EngineFonts/Faces/RobotoRegular.uexp" 995
"../../../Engine/Content/EngineFonts/Faces/RobotoRegular.uasset" 996
"../../../Engine/Content/EngineFonts/Faces/RobotoRegular.ufont" 997
"../../../Engine/Content/EngineFonts/Faces/DroidSansFallback.uexp" 998
"../../../Engine/Content/EngineFonts/Faces/DroidSansFallback.uasset" 999
"../../../Engine/Content/EngineFonts/Faces/DroidSansFallback.ufont" 1000
"../../../Engine/Content/EngineFonts/Faces/RobotoItalic.uexp" 1001
"../../../Engine/Content/EngineFonts/Faces/RobotoItalic.uasset" 1002
"../../../Engine/Content/EngineFonts/Faces/RobotoItalic.ufont" 1003
"../../../Engine/Content/EngineFonts/Faces/RobotoBoldItalic.uexp" 1004
"../../../Engine/Content/EngineFonts/Faces/RobotoBoldItalic.uasset" 1005
"../../../Engine/Content/EngineFonts/Faces/RobotoBoldItalic.ufont" 1006
"../../../Engine/Content/EngineFonts/Roboto.uasset" 1007
"../../../Engine/Content/EngineFonts/Roboto.uexp" 1008
"E:/GameDev/Games/BrickedUp/Bricked-Up/Content/Widgets/RichTextStyles.uasset" 1009
"E:/GameDev/Games/BrickedUp/Bricked-Up/Content/Widgets/RichTextStyles.uexp" 1010
"E:/GameDev/Games/BrickedUp/Bricked-Up/Content/Shared/Audio/MasterSoundMix.uasset" 1011
"E:/GameDev/Games/BrickedUp/Bricked-Up/Content/Shared/Audio/MasterSoundMix.uexp" 1012
"E:/GameDev/Games/BrickedUp/Bricked-Up/Content/Widgets/W_OptionsMenu.uasset" 1013
"E:/GameDev/Games/BrickedUp/Bricked-Up/Content/Widgets/W_OptionsMenu.uexp" 1014
"E:/GameDev/Games/BrickedUp/Bricked-Up/Content/Widgets/Images/Title.uasset" 1015
"E:/GameDev/Games/BrickedUp/Bricked-Up/Content/Widgets/Images/Title.uexp" 1016
"E:/GameDev/Games/BrickedUp/Bricked-Up/Content/Widgets/W_LeaderboardEntry.uasset" 1017
"E:/GameDev/Games/BrickedUp/Bricked-Up/Content/Widgets/W_LeaderboardEntry.uexp" 1018
"E:/GameDev/Games/BrickedUp/Bricked-Up/Content/Abilities/Drops/DropImages/Luck_Positive.uasset" 1019
"E:/GameDev/Games/BrickedUp/Bricked-Up/Content/Abilities/Drops/DropImages/Luck_Positive.uexp" 1020
"E:/GameDev/Games/BrickedUp/Bricked-Up/Content/Widgets/Images/AbilityDropIcon_PositiveRare.uasset" 1021
"E:/GameDev/Games/BrickedUp/Bricked-Up/Content/Widgets/Images/AbilityDropIcon_PositiveRare.uexp" 1022
"E:/GameDev/Games/BrickedUp/Bricked-Up/Content/Abilities/Drops/DropImages/ReverseControls.uasset" 1023
"E:/GameDev/Games/BrickedUp/Bricked-Up/Content/Abilities/Drops/DropImages/ReverseControls.uexp" 1024
"E:/GameDev/Games/BrickedUp/Bricked-Up/Content/Widgets/Images/AbilityDropIcon_NegativeRare.uasset" 1025
"E:/GameDev/Games/BrickedUp/Bricked-Up/Content/Widgets/Images/AbilityDropIcon_NegativeRare.uexp" 1026
"E:/GameDev/Games/BrickedUp/Bricked-Up/Content/Abilities/Drops/DropImages/BallSize_Grow.uasset" 1027
"E:/GameDev/Games/BrickedUp/Bricked-Up/Content/Abilities/Drops/DropImages/BallSize_Grow.uexp" 1028
"E:/GameDev/Games/BrickedUp/Bricked-Up/Content/Abilities/Drops/DropImages/Death.uasset" 1029
"E:/GameDev/Games/BrickedUp/Bricked-Up/Content/Abilities/Drops/DropImages/Death.uexp" 1030
"E:/GameDev/Games/BrickedUp/Bricked-Up/Content/Widgets/Images/AbilityDropIcon_Positive.uasset" 1031
"E:/GameDev/Games/BrickedUp/Bricked-Up/Content/Widgets/Images/AbilityDropIcon_Positive.uexp" 1032
"E:/GameDev/Games/BrickedUp/Bricked-Up/Content/Abilities/Drops/DropImages/Luck_Negative.uasset" 1033
"E:/GameDev/Games/BrickedUp/Bricked-Up/Content/Abilities/Drops/DropImages/Luck_Negative.uexp" 1034
"E:/GameDev/Games/BrickedUp/Bricked-Up/Content/Widgets/DT_LoadingScreenTips.uasset" 1035
"E:/GameDev/Games/BrickedUp/Bricked-Up/Content/Widgets/DT_LoadingScreenTips.uexp" 1036
"E:/GameDev/Games/BrickedUp/Bricked-Up/Content/Widgets/W_LoadingScreen.uasset" 1037
"E:/GameDev/Games/BrickedUp/Bricked-Up/Content/Widgets/W_LoadingScreen.uexp" 1038
"E:/GameDev/Games/BrickedUp/Bricked-Up/Content/Shared/Images/CompanyLogo_3.uasset" 1039
"E:/GameDev/Games/BrickedUp/Bricked-Up/Content/Shared/Images/CompanyLogo_3.uexp" 1040
"E:/GameDev/Games/BrickedUp/Bricked-Up/Content/Widgets/Images/MainMenuBackground.uasset" 1041
"E:/GameDev/Games/BrickedUp/Bricked-Up/Content/Widgets/Images/MainMenuBackground.uexp" 1042
"E:/GameDev/Games/BrickedUp/Bricked-Up/Content/Widgets/Images/MenuButton_Red.uasset" 1043
"E:/GameDev/Games/BrickedUp/Bricked-Up/Content/Widgets/Images/MenuButton_Red.uexp" 1044
"E:/GameDev/Games/BrickedUp/Bricked-Up/Content/Widgets/W_MainMenu.uasset" 1045
"E:/GameDev/Games/BrickedUp/Bricked-Up/Content/Widgets/W_MainMenu.uexp" 1046
"E:/GameDev/Games/BrickedUp/Bricked-Up/Content/Shared/BP_MainMenuGameMode.uasset" 1047
"E:/GameDev/Games/BrickedUp/Bricked-Up/Content/Shared/BP_MainMenuGameMode.uexp" 1048
"E:/GameDev/Games/BrickedUp/Bricked-Up/Content/Maps/MainMenu.uexp" 1049
"E:/GameDev/Games/BrickedUp/Bricked-Up/Content/Maps/MainMenu.umap" 1050
"E:/GameDev/Games/BrickedUp/Bricked-Up/Content/Widgets/W_Opening.uasset" 1051
"E:/GameDev/Games/BrickedUp/Bricked-Up/Content/Widgets/W_Opening.uexp" 1052
"E:/GameDev/Games/BrickedUp/Bricked-Up/Content/Shared/BP_OpeningGameMode.uasset" 1053
"E:/GameDev/Games/BrickedUp/Bricked-Up/Content/Shared/BP_OpeningGameMode.uexp" 1054
"E:/GameDev/Games/BrickedUp/Bricked-Up/Content/Maps/Opening.uexp" 1055
"E:/GameDev/Games/BrickedUp/Bricked-Up/Content/Maps/Opening.umap" 1056
"../../../Engine/Content/Maps/Entry_BuiltData.uasset" 1057
"../../../Engine/Content/Maps/Entry_BuiltData.uexp" 1058
"../../../Engine/Content/Maps/Entry.uexp" 1059
"../../../Engine/Content/Maps/Entry.umap" 1060
